begin compute_decision_tree()
{.m_left=957, .m_right=1116, .m_top=406, .m_bottom=598}
{.m_left=957, .m_right=1116, .m_top=230, .m_bottom=406}
{.m_left=798, .m_right=957, .m_top=246, .m_bottom=454}
{.m_left=922, .m_right=1116, .m_top=-10, .m_bottom=230}
{.m_left=156, .m_right=350, .m_top=54, .m_bottom=294}
{.m_left=604, .m_right=770, .m_top=6, .m_bottom=246}
{.m_left=459, .m_right=653, .m_top=358, .m_bottom=598}
{.m_left=368, .m_right=562, .m_top=-10, .m_bottom=118}
{.m_left=156, .m_right=350, .m_top=294, .m_bottom=534}
{.m_left=368, .m_right=604, .m_top=118, .m_bottom=358}
{.m_left=-10, .m_right=156, .m_top=246, .m_bottom=406}
{.m_left=-10, .m_right=156, .m_top=134, .m_bottom=246}
{.m_left=-10, .m_right=156, .m_top=406, .m_bottom=518}
{.m_left=653, .m_right=798, .m_top=246, .m_bottom=486}
{.m_left=349, .m_right=459, .m_top=358, .m_bottom=486}
{.i=0, .RectCorner=TOP_LEFT, .direction={.x=-1, .y=-1} [.m=2 .M=4]}
{.i=0, .RectCorner=TOP_LEFT, .direction={.x=-1, .y=-1} [.m=2 .M=3]}
{.i=0, .RectCorner=TOP_LEFT, .direction={.x=1, .y=-1} [.m=2 .M=4]}
{.i=0, .RectCorner=TOP_LEFT, .direction={.x=1, .y=-1} [.m=2 .M=3]}
{.i=0, .RectCorner=TOP_LEFT, .direction={.x=-1, .y=1} [.m=2 .M=4]}
{.i=0, .RectCorner=TOP_LEFT, .direction={.x=-1, .y=1} [.m=2 .M=3]}
{.i=0, .RectCorner=BOTTOM_LEFT, .direction={.x=-1, .y=1} [.m=2 .M=4]}
{.i=0, .RectCorner=BOTTOM_LEFT, .direction={.x=-1, .y=1} [.m=2 .M=3]}
{.i=0, .RectCorner=BOTTOM_LEFT, .direction={.x=1, .y=1} [.m=2 .M=4]}
{.i=0, .RectCorner=BOTTOM_LEFT, .direction={.x=1, .y=1} [.m=2 .M=3]}
{.i=0, .RectCorner=BOTTOM_LEFT, .direction={.x=-1, .y=-1} [.m=4 .M=32767]}
{.i=0, .RectCorner=BOTTOM_LEFT, .direction={.x=-1, .y=-1} [.m=8 .M=32767]}
{.i=0, .RectCorner=BOTTOM_LEFT, .direction={.x=-1, .y=-1} [.m=16 .M=32767]}
{.i=0, .RectCorner=BOTTOM_LEFT, .direction={.x=-1, .y=-1} [.m=32 .M=32767]}
{.i=0, .RectCorner=BOTTOM_LEFT, .direction={.x=-1, .y=-1} [.m=64 .M=32767]}
{.i=0, .RectCorner=BOTTOM_LEFT, .direction={.x=-1, .y=-1} [.m=128 .M=32767]}
{.i=0, .RectCorner=BOTTOM_LEFT, .direction={.x=-1, .y=-1} [.m=128 .M=256]}
{.i=0, .RectCorner=BOTTOM_LEFT, .direction={.x=-1, .y=-1} [.m=128 .M=192]}
{.i=0, .RectCorner=BOTTOM_LEFT, .direction={.x=-1, .y=-1} [.m=128 .M=160]}
{.i=0, .RectCorner=BOTTOM_LEFT, .direction={.x=-1, .y=-1} [.m=144 .M=160]}
{.i=0, .RectCorner=BOTTOM_LEFT, .direction={.x=-1, .y=-1} [.m=144 .M=152]}
{.i=0, .RectCorner=BOTTOM_LEFT, .direction={.x=-1, .y=-1} [.m=144 .M=148]}
{.i=0, .RectCorner=BOTTOM_LEFT, .direction={.x=-1, .y=-1} [.m=144 .M=146]}
{.i=0, .RectCorner=BOTTOM_LEFT, .direction={.x=-1, .y=-1} [.m=144 .M=145]}
{.i=0, .RectCorner=TOP_RIGHT, .direction={.x=1, .y=1} [.m=2 .M=4]}
{.i=0, .RectCorner=TOP_RIGHT, .direction={.x=1, .y=1} [.m=2 .M=3]}
{.i=0, .RectCorner=TOP_RIGHT, .direction={.x=1, .y=-1} [.m=2 .M=4]}
{.i=0, .RectCorner=TOP_RIGHT, .direction={.x=1, .y=-1} [.m=2 .M=3]}
{.i=0, .RectCorner=TOP_RIGHT, .direction={.x=-1, .y=-1} [.m=2 .M=4]}
{.i=0, .RectCorner=TOP_RIGHT, .direction={.x=-1, .y=-1} [.m=2 .M=3]}
{.i=0, .RectCorner=BOTTOM_RIGHT, .direction={.x=-1, .y=1} [.m=2 .M=4]}
{.i=0, .RectCorner=BOTTOM_RIGHT, .direction={.x=-1, .y=1} [.m=2 .M=3]}
{.i=0, .RectCorner=BOTTOM_RIGHT, .direction={.x=1, .y=1} [.m=2 .M=4]}
{.i=0, .RectCorner=BOTTOM_RIGHT, .direction={.x=1, .y=1} [.m=2 .M=3]}
{.i=0, .RectCorner=BOTTOM_RIGHT, .direction={.x=1, .y=-1} [.m=2 .M=4]}
{.i=0, .RectCorner=BOTTOM_RIGHT, .direction={.x=1, .y=-1} [.m=2 .M=3]}
{.i=1, .RectCorner=TOP_LEFT, .direction={.x=-1, .y=-1} [.m=2 .M=4]}
{.i=1, .RectCorner=TOP_LEFT, .direction={.x=-1, .y=-1} [.m=2 .M=3]}
{.i=1, .RectCorner=TOP_LEFT, .direction={.x=1, .y=-1} [.m=2 .M=4]}
{.i=1, .RectCorner=TOP_LEFT, .direction={.x=1, .y=-1} [.m=2 .M=3]}
{.i=1, .RectCorner=TOP_LEFT, .direction={.x=-1, .y=1} [.m=4 .M=32767]}
{.i=1, .RectCorner=TOP_LEFT, .direction={.x=-1, .y=1} [.m=8 .M=32767]}
{.i=1, .RectCorner=TOP_LEFT, .direction={.x=-1, .y=1} [.m=16 .M=32767]}
{.i=1, .RectCorner=TOP_LEFT, .direction={.x=-1, .y=1} [.m=16 .M=32]}
{.i=1, .RectCorner=TOP_LEFT, .direction={.x=-1, .y=1} [.m=16 .M=24]}
{.i=1, .RectCorner=TOP_LEFT, .direction={.x=-1, .y=1} [.m=16 .M=20]}
{.i=1, .RectCorner=TOP_LEFT, .direction={.x=-1, .y=1} [.m=16 .M=18]}
{.i=1, .RectCorner=TOP_LEFT, .direction={.x=-1, .y=1} [.m=16 .M=17]}
{.i=1, .RectCorner=BOTTOM_LEFT, .direction={.x=-1, .y=1} [.m=2 .M=4]}
{.i=1, .RectCorner=BOTTOM_LEFT, .direction={.x=-1, .y=1} [.m=2 .M=3]}
{.i=1, .RectCorner=BOTTOM_LEFT, .direction={.x=1, .y=1} [.m=2 .M=4]}
{.i=1, .RectCorner=BOTTOM_LEFT, .direction={.x=1, .y=1} [.m=2 .M=3]}
{.i=1, .RectCorner=BOTTOM_LEFT, .direction={.x=-1, .y=-1} [.m=2 .M=4]}
{.i=1, .RectCorner=BOTTOM_LEFT, .direction={.x=-1, .y=-1} [.m=2 .M=3]}
{.i=1, .RectCorner=TOP_RIGHT, .direction={.x=1, .y=1} [.m=2 .M=4]}
{.i=1, .RectCorner=TOP_RIGHT, .direction={.x=1, .y=1} [.m=2 .M=3]}
{.i=1, .RectCorner=TOP_RIGHT, .direction={.x=1, .y=-1} [.m=2 .M=4]}
{.i=1, .RectCorner=TOP_RIGHT, .direction={.x=1, .y=-1} [.m=2 .M=3]}
{.i=1, .RectCorner=TOP_RIGHT, .direction={.x=-1, .y=-1} [.m=2 .M=4]}
{.i=1, .RectCorner=TOP_RIGHT, .direction={.x=-1, .y=-1} [.m=2 .M=3]}
{.i=1, .RectCorner=BOTTOM_RIGHT, .direction={.x=-1, .y=1} [.m=2 .M=4]}
{.i=1, .RectCorner=BOTTOM_RIGHT, .direction={.x=-1, .y=1} [.m=2 .M=3]}
{.i=1, .RectCorner=BOTTOM_RIGHT, .direction={.x=1, .y=1} [.m=2 .M=4]}
{.i=1, .RectCorner=BOTTOM_RIGHT, .direction={.x=1, .y=1} [.m=2 .M=3]}
{.i=1, .RectCorner=BOTTOM_RIGHT, .direction={.x=1, .y=-1} [.m=2 .M=4]}
{.i=1, .RectCorner=BOTTOM_RIGHT, .direction={.x=1, .y=-1} [.m=2 .M=3]}
{.i=2, .RectCorner=TOP_LEFT, .direction={.x=-1, .y=-1} [.m=4 .M=32767]}
{.i=2, .RectCorner=TOP_LEFT, .direction={.x=-1, .y=-1} [.m=8 .M=32767]}
{.i=2, .RectCorner=TOP_LEFT, .direction={.x=-1, .y=-1} [.m=16 .M=32767]}
{.i=2, .RectCorner=TOP_LEFT, .direction={.x=-1, .y=-1} [.m=16 .M=32]}
{.i=2, .RectCorner=TOP_LEFT, .direction={.x=-1, .y=-1} [.m=24 .M=32]}
{.i=2, .RectCorner=TOP_LEFT, .direction={.x=-1, .y=-1} [.m=28 .M=32]}
{.i=2, .RectCorner=TOP_LEFT, .direction={.x=-1, .y=-1} [.m=28 .M=30]}
{.i=2, .RectCorner=TOP_LEFT, .direction={.x=-1, .y=-1} [.m=28 .M=29]}
{.i=2, .RectCorner=TOP_LEFT, .direction={.x=1, .y=-1} [.m=4 .M=32767]}
{.i=2, .RectCorner=TOP_LEFT, .direction={.x=1, .y=-1} [.m=8 .M=32767]}
{.i=2, .RectCorner=TOP_LEFT, .direction={.x=1, .y=-1} [.m=16 .M=32767]}
{.i=2, .RectCorner=TOP_LEFT, .direction={.x=1, .y=-1} [.m=32 .M=32767]}
{.i=2, .RectCorner=TOP_LEFT, .direction={.x=1, .y=-1} [.m=64 .M=32767]}
{.i=2, .RectCorner=TOP_LEFT, .direction={.x=1, .y=-1} [.m=64 .M=128]}
{.i=2, .RectCorner=TOP_LEFT, .direction={.x=1, .y=-1} [.m=96 .M=128]}
{.i=2, .RectCorner=TOP_LEFT, .direction={.x=1, .y=-1} [.m=112 .M=128]}
{.i=2, .RectCorner=TOP_LEFT, .direction={.x=1, .y=-1} [.m=120 .M=128]}
{.i=2, .RectCorner=TOP_LEFT, .direction={.x=1, .y=-1} [.m=124 .M=128]}
{.i=2, .RectCorner=TOP_LEFT, .direction={.x=1, .y=-1} [.m=124 .M=126]}
{.i=2, .RectCorner=TOP_LEFT, .direction={.x=1, .y=-1} [.m=124 .M=125]}
{.i=2, .RectCorner=TOP_LEFT, .direction={.x=-1, .y=1} [.m=2 .M=4]}
{.i=2, .RectCorner=TOP_LEFT, .direction={.x=-1, .y=1} [.m=2 .M=3]}
{.i=2, .RectCorner=BOTTOM_LEFT, .direction={.x=-1, .y=1} [.m=2 .M=4]}
{.i=2, .RectCorner=BOTTOM_LEFT, .direction={.x=-1, .y=1} [.m=2 .M=3]}
{.i=2, .RectCorner=BOTTOM_LEFT, .direction={.x=1, .y=1} [.m=4 .M=32767]}
{.i=2, .RectCorner=BOTTOM_LEFT, .direction={.x=1, .y=1} [.m=8 .M=32767]}
{.i=2, .RectCorner=BOTTOM_LEFT, .direction={.x=1, .y=1} [.m=16 .M=32767]}
{.i=2, .RectCorner=BOTTOM_LEFT, .direction={.x=1, .y=1} [.m=32 .M=32767]}
{.i=2, .RectCorner=BOTTOM_LEFT, .direction={.x=1, .y=1} [.m=64 .M=32767]}
{.i=2, .RectCorner=BOTTOM_LEFT, .direction={.x=1, .y=1} [.m=128 .M=32767]}
{.i=2, .RectCorner=BOTTOM_LEFT, .direction={.x=1, .y=1} [.m=128 .M=256]}
{.i=2, .RectCorner=BOTTOM_LEFT, .direction={.x=1, .y=1} [.m=128 .M=192]}
{.i=2, .RectCorner=BOTTOM_LEFT, .direction={.x=1, .y=1} [.m=128 .M=160]}
{.i=2, .RectCorner=BOTTOM_LEFT, .direction={.x=1, .y=1} [.m=144 .M=160]}
{.i=2, .RectCorner=BOTTOM_LEFT, .direction={.x=1, .y=1} [.m=144 .M=152]}
{.i=2, .RectCorner=BOTTOM_LEFT, .direction={.x=1, .y=1} [.m=144 .M=148]}
{.i=2, .RectCorner=BOTTOM_LEFT, .direction={.x=1, .y=1} [.m=144 .M=146]}
{.i=2, .RectCorner=BOTTOM_LEFT, .direction={.x=1, .y=1} [.m=144 .M=145]}
{.i=2, .RectCorner=BOTTOM_LEFT, .direction={.x=-1, .y=-1} [.m=2 .M=4]}
{.i=2, .RectCorner=BOTTOM_LEFT, .direction={.x=-1, .y=-1} [.m=2 .M=3]}
{.i=2, .RectCorner=TOP_RIGHT, .direction={.x=1, .y=1} [.m=2 .M=4]}
{.i=2, .RectCorner=TOP_RIGHT, .direction={.x=1, .y=1} [.m=2 .M=3]}
{.i=2, .RectCorner=TOP_RIGHT, .direction={.x=1, .y=-1} [.m=2 .M=4]}
{.i=2, .RectCorner=TOP_RIGHT, .direction={.x=1, .y=-1} [.m=2 .M=3]}
{.i=2, .RectCorner=TOP_RIGHT, .direction={.x=-1, .y=-1} [.m=4 .M=32767]}
{.i=2, .RectCorner=TOP_RIGHT, .direction={.x=-1, .y=-1} [.m=8 .M=32767]}
{.i=2, .RectCorner=TOP_RIGHT, .direction={.x=-1, .y=-1} [.m=16 .M=32767]}
{.i=2, .RectCorner=TOP_RIGHT, .direction={.x=-1, .y=-1} [.m=16 .M=32]}
{.i=2, .RectCorner=TOP_RIGHT, .direction={.x=-1, .y=-1} [.m=16 .M=24]}
{.i=2, .RectCorner=TOP_RIGHT, .direction={.x=-1, .y=-1} [.m=16 .M=20]}
{.i=2, .RectCorner=TOP_RIGHT, .direction={.x=-1, .y=-1} [.m=16 .M=18]}
{.i=2, .RectCorner=TOP_RIGHT, .direction={.x=-1, .y=-1} [.m=16 .M=17]}
{.i=2, .RectCorner=BOTTOM_RIGHT, .direction={.x=-1, .y=1} [.m=4 .M=32767]}
{.i=2, .RectCorner=BOTTOM_RIGHT, .direction={.x=-1, .y=1} [.m=8 .M=32767]}
{.i=2, .RectCorner=BOTTOM_RIGHT, .direction={.x=-1, .y=1} [.m=16 .M=32767]}
{.i=2, .RectCorner=BOTTOM_RIGHT, .direction={.x=-1, .y=1} [.m=32 .M=32767]}
{.i=2, .RectCorner=BOTTOM_RIGHT, .direction={.x=-1, .y=1} [.m=64 .M=32767]}
{.i=2, .RectCorner=BOTTOM_RIGHT, .direction={.x=-1, .y=1} [.m=128 .M=32767]}
{.i=2, .RectCorner=BOTTOM_RIGHT, .direction={.x=-1, .y=1} [.m=128 .M=256]}
{.i=2, .RectCorner=BOTTOM_RIGHT, .direction={.x=-1, .y=1} [.m=128 .M=192]}
{.i=2, .RectCorner=BOTTOM_RIGHT, .direction={.x=-1, .y=1} [.m=128 .M=160]}
{.i=2, .RectCorner=BOTTOM_RIGHT, .direction={.x=-1, .y=1} [.m=144 .M=160]}
{.i=2, .RectCorner=BOTTOM_RIGHT, .direction={.x=-1, .y=1} [.m=144 .M=152]}
{.i=2, .RectCorner=BOTTOM_RIGHT, .direction={.x=-1, .y=1} [.m=144 .M=148]}
{.i=2, .RectCorner=BOTTOM_RIGHT, .direction={.x=-1, .y=1} [.m=144 .M=146]}
{.i=2, .RectCorner=BOTTOM_RIGHT, .direction={.x=-1, .y=1} [.m=144 .M=145]}
{.i=2, .RectCorner=BOTTOM_RIGHT, .direction={.x=1, .y=1} [.m=2 .M=4]}
{.i=2, .RectCorner=BOTTOM_RIGHT, .direction={.x=1, .y=1} [.m=2 .M=3]}
{.i=2, .RectCorner=BOTTOM_RIGHT, .direction={.x=1, .y=-1} [.m=2 .M=4]}
{.i=2, .RectCorner=BOTTOM_RIGHT, .direction={.x=1, .y=-1} [.m=2 .M=3]}
{.i=3, .RectCorner=TOP_LEFT, .direction={.x=-1, .y=-1} [.m=2 .M=4]}
{.i=3, .RectCorner=TOP_LEFT, .direction={.x=-1, .y=-1} [.m=2 .M=3]}
{.i=3, .RectCorner=TOP_LEFT, .direction={.x=1, .y=-1} [.m=2 .M=4]}
{.i=3, .RectCorner=TOP_LEFT, .direction={.x=1, .y=-1} [.m=2 .M=3]}
{.i=3, .RectCorner=TOP_LEFT, .direction={.x=-1, .y=1} [.m=4 .M=32767]}
{.i=3, .RectCorner=TOP_LEFT, .direction={.x=-1, .y=1} [.m=8 .M=32767]}
{.i=3, .RectCorner=TOP_LEFT, .direction={.x=-1, .y=1} [.m=16 .M=32767]}
{.i=3, .RectCorner=TOP_LEFT, .direction={.x=-1, .y=1} [.m=32 .M=32767]}
{.i=3, .RectCorner=TOP_LEFT, .direction={.x=-1, .y=1} [.m=64 .M=32767]}
{.i=3, .RectCorner=TOP_LEFT, .direction={.x=-1, .y=1} [.m=128 .M=32767]}
{.i=3, .RectCorner=TOP_LEFT, .direction={.x=-1, .y=1} [.m=128 .M=256]}
{.i=3, .RectCorner=TOP_LEFT, .direction={.x=-1, .y=1} [.m=128 .M=192]}
{.i=3, .RectCorner=TOP_LEFT, .direction={.x=-1, .y=1} [.m=128 .M=160]}
{.i=3, .RectCorner=TOP_LEFT, .direction={.x=-1, .y=1} [.m=144 .M=160]}
{.i=3, .RectCorner=TOP_LEFT, .direction={.x=-1, .y=1} [.m=152 .M=160]}
{.i=3, .RectCorner=TOP_LEFT, .direction={.x=-1, .y=1} [.m=152 .M=156]}
{.i=3, .RectCorner=TOP_LEFT, .direction={.x=-1, .y=1} [.m=152 .M=154]}
{.i=3, .RectCorner=TOP_LEFT, .direction={.x=-1, .y=1} [.m=152 .M=153]}
{.i=3, .RectCorner=BOTTOM_LEFT, .direction={.x=-1, .y=1} [.m=4 .M=32767]}
{.i=3, .RectCorner=BOTTOM_LEFT, .direction={.x=-1, .y=1} [.m=8 .M=32767]}
{.i=3, .RectCorner=BOTTOM_LEFT, .direction={.x=-1, .y=1} [.m=16 .M=32767]}
{.i=3, .RectCorner=BOTTOM_LEFT, .direction={.x=-1, .y=1} [.m=16 .M=32]}
{.i=3, .RectCorner=BOTTOM_LEFT, .direction={.x=-1, .y=1} [.m=16 .M=24]}
{.i=3, .RectCorner=BOTTOM_LEFT, .direction={.x=-1, .y=1} [.m=16 .M=20]}
{.i=3, .RectCorner=BOTTOM_LEFT, .direction={.x=-1, .y=1} [.m=16 .M=18]}
{.i=3, .RectCorner=BOTTOM_LEFT, .direction={.x=-1, .y=1} [.m=16 .M=17]}
{.i=3, .RectCorner=BOTTOM_LEFT, .direction={.x=1, .y=1} [.m=4 .M=32767]}
{.i=3, .RectCorner=BOTTOM_LEFT, .direction={.x=1, .y=1} [.m=8 .M=32767]}
{.i=3, .RectCorner=BOTTOM_LEFT, .direction={.x=1, .y=1} [.m=16 .M=32767]}
{.i=3, .RectCorner=BOTTOM_LEFT, .direction={.x=1, .y=1} [.m=16 .M=32]}
{.i=3, .RectCorner=BOTTOM_LEFT, .direction={.x=1, .y=1} [.m=16 .M=24]}
{.i=3, .RectCorner=BOTTOM_LEFT, .direction={.x=1, .y=1} [.m=16 .M=20]}
{.i=3, .RectCorner=BOTTOM_LEFT, .direction={.x=1, .y=1} [.m=16 .M=18]}
{.i=3, .RectCorner=BOTTOM_LEFT, .direction={.x=1, .y=1} [.m=16 .M=17]}
{.i=3, .RectCorner=BOTTOM_LEFT, .direction={.x=-1, .y=-1} [.m=4 .M=32767]}
{.i=3, .RectCorner=BOTTOM_LEFT, .direction={.x=-1, .y=-1} [.m=8 .M=32767]}
{.i=3, .RectCorner=BOTTOM_LEFT, .direction={.x=-1, .y=-1} [.m=16 .M=32767]}
{.i=3, .RectCorner=BOTTOM_LEFT, .direction={.x=-1, .y=-1} [.m=32 .M=32767]}
{.i=3, .RectCorner=BOTTOM_LEFT, .direction={.x=-1, .y=-1} [.m=64 .M=32767]}
{.i=3, .RectCorner=BOTTOM_LEFT, .direction={.x=-1, .y=-1} [.m=128 .M=32767]}
{.i=3, .RectCorner=BOTTOM_LEFT, .direction={.x=-1, .y=-1} [.m=128 .M=256]}
{.i=3, .RectCorner=BOTTOM_LEFT, .direction={.x=-1, .y=-1} [.m=128 .M=192]}
{.i=3, .RectCorner=BOTTOM_LEFT, .direction={.x=-1, .y=-1} [.m=128 .M=160]}
{.i=3, .RectCorner=BOTTOM_LEFT, .direction={.x=-1, .y=-1} [.m=144 .M=160]}
{.i=3, .RectCorner=BOTTOM_LEFT, .direction={.x=-1, .y=-1} [.m=152 .M=160]}
{.i=3, .RectCorner=BOTTOM_LEFT, .direction={.x=-1, .y=-1} [.m=152 .M=156]}
{.i=3, .RectCorner=BOTTOM_LEFT, .direction={.x=-1, .y=-1} [.m=152 .M=154]}
{.i=3, .RectCorner=BOTTOM_LEFT, .direction={.x=-1, .y=-1} [.m=152 .M=153]}
{.i=3, .RectCorner=TOP_RIGHT, .direction={.x=1, .y=1} [.m=2 .M=4]}
{.i=3, .RectCorner=TOP_RIGHT, .direction={.x=1, .y=1} [.m=2 .M=3]}
{.i=3, .RectCorner=TOP_RIGHT, .direction={.x=1, .y=-1} [.m=2 .M=4]}
{.i=3, .RectCorner=TOP_RIGHT, .direction={.x=1, .y=-1} [.m=2 .M=3]}
{.i=3, .RectCorner=TOP_RIGHT, .direction={.x=-1, .y=-1} [.m=2 .M=4]}
{.i=3, .RectCorner=TOP_RIGHT, .direction={.x=-1, .y=-1} [.m=2 .M=3]}
{.i=3, .RectCorner=BOTTOM_RIGHT, .direction={.x=-1, .y=1} [.m=2 .M=4]}
{.i=3, .RectCorner=BOTTOM_RIGHT, .direction={.x=-1, .y=1} [.m=2 .M=3]}
{.i=3, .RectCorner=BOTTOM_RIGHT, .direction={.x=1, .y=1} [.m=2 .M=4]}
{.i=3, .RectCorner=BOTTOM_RIGHT, .direction={.x=1, .y=1} [.m=2 .M=3]}
{.i=3, .RectCorner=BOTTOM_RIGHT, .direction={.x=1, .y=-1} [.m=2 .M=4]}
{.i=3, .RectCorner=BOTTOM_RIGHT, .direction={.x=1, .y=-1} [.m=2 .M=3]}
{.i=4, .RectCorner=TOP_LEFT, .direction={.x=-1, .y=-1} [.m=4 .M=32767]}
{.i=4, .RectCorner=TOP_LEFT, .direction={.x=-1, .y=-1} [.m=8 .M=32767]}
{.i=4, .RectCorner=TOP_LEFT, .direction={.x=-1, .y=-1} [.m=16 .M=32767]}
{.i=4, .RectCorner=TOP_LEFT, .direction={.x=-1, .y=-1} [.m=32 .M=32767]}
{.i=4, .RectCorner=TOP_LEFT, .direction={.x=-1, .y=-1} [.m=64 .M=32767]}
{.i=4, .RectCorner=TOP_LEFT, .direction={.x=-1, .y=-1} [.m=64 .M=128]}
{.i=4, .RectCorner=TOP_LEFT, .direction={.x=-1, .y=-1} [.m=64 .M=96]}
{.i=4, .RectCorner=TOP_LEFT, .direction={.x=-1, .y=-1} [.m=64 .M=80]}
{.i=4, .RectCorner=TOP_LEFT, .direction={.x=-1, .y=-1} [.m=64 .M=72]}
{.i=4, .RectCorner=TOP_LEFT, .direction={.x=-1, .y=-1} [.m=64 .M=68]}
{.i=4, .RectCorner=TOP_LEFT, .direction={.x=-1, .y=-1} [.m=64 .M=66]}
{.i=4, .RectCorner=TOP_LEFT, .direction={.x=-1, .y=-1} [.m=64 .M=65]}
{.i=4, .RectCorner=TOP_LEFT, .direction={.x=1, .y=-1} [.m=4 .M=32767]}
{.i=4, .RectCorner=TOP_LEFT, .direction={.x=1, .y=-1} [.m=8 .M=32767]}
{.i=4, .RectCorner=TOP_LEFT, .direction={.x=1, .y=-1} [.m=16 .M=32767]}
{.i=4, .RectCorner=TOP_LEFT, .direction={.x=1, .y=-1} [.m=32 .M=32767]}
{.i=4, .RectCorner=TOP_LEFT, .direction={.x=1, .y=-1} [.m=64 .M=32767]}
{.i=4, .RectCorner=TOP_LEFT, .direction={.x=1, .y=-1} [.m=64 .M=128]}
{.i=4, .RectCorner=TOP_LEFT, .direction={.x=1, .y=-1} [.m=64 .M=96]}
{.i=4, .RectCorner=TOP_LEFT, .direction={.x=1, .y=-1} [.m=64 .M=80]}
{.i=4, .RectCorner=TOP_LEFT, .direction={.x=1, .y=-1} [.m=64 .M=72]}
{.i=4, .RectCorner=TOP_LEFT, .direction={.x=1, .y=-1} [.m=64 .M=68]}
{.i=4, .RectCorner=TOP_LEFT, .direction={.x=1, .y=-1} [.m=64 .M=66]}
{.i=4, .RectCorner=TOP_LEFT, .direction={.x=1, .y=-1} [.m=64 .M=65]}
{.i=4, .RectCorner=TOP_LEFT, .direction={.x=-1, .y=1} [.m=4 .M=32767]}
{.i=4, .RectCorner=TOP_LEFT, .direction={.x=-1, .y=1} [.m=8 .M=32767]}
{.i=4, .RectCorner=TOP_LEFT, .direction={.x=-1, .y=1} [.m=16 .M=32767]}
{.i=4, .RectCorner=TOP_LEFT, .direction={.x=-1, .y=1} [.m=32 .M=32767]}
{.i=4, .RectCorner=TOP_LEFT, .direction={.x=-1, .y=1} [.m=64 .M=32767]}
{.i=4, .RectCorner=TOP_LEFT, .direction={.x=-1, .y=1} [.m=64 .M=128]}
{.i=4, .RectCorner=TOP_LEFT, .direction={.x=-1, .y=1} [.m=64 .M=96]}
{.i=4, .RectCorner=TOP_LEFT, .direction={.x=-1, .y=1} [.m=80 .M=96]}
{.i=4, .RectCorner=TOP_LEFT, .direction={.x=-1, .y=1} [.m=80 .M=88]}
{.i=4, .RectCorner=TOP_LEFT, .direction={.x=-1, .y=1} [.m=80 .M=84]}
{.i=4, .RectCorner=TOP_LEFT, .direction={.x=-1, .y=1} [.m=80 .M=82]}
{.i=4, .RectCorner=TOP_LEFT, .direction={.x=-1, .y=1} [.m=80 .M=81]}
{.i=4, .RectCorner=BOTTOM_LEFT, .direction={.x=-1, .y=1} [.m=2 .M=4]}
{.i=4, .RectCorner=BOTTOM_LEFT, .direction={.x=-1, .y=1} [.m=2 .M=3]}
{.i=4, .RectCorner=BOTTOM_LEFT, .direction={.x=1, .y=1} [.m=2 .M=4]}
{.i=4, .RectCorner=BOTTOM_LEFT, .direction={.x=1, .y=1} [.m=2 .M=3]}
{.i=4, .RectCorner=BOTTOM_LEFT, .direction={.x=-1, .y=-1} [.m=2 .M=4]}
{.i=4, .RectCorner=BOTTOM_LEFT, .direction={.x=-1, .y=-1} [.m=2 .M=3]}
{.i=4, .RectCorner=TOP_RIGHT, .direction={.x=1, .y=1} [.m=4 .M=32767]}
{.i=4, .RectCorner=TOP_RIGHT, .direction={.x=1, .y=1} [.m=8 .M=32767]}
{.i=4, .RectCorner=TOP_RIGHT, .direction={.x=1, .y=1} [.m=16 .M=32767]}
{.i=4, .RectCorner=TOP_RIGHT, .direction={.x=1, .y=1} [.m=16 .M=32]}
{.i=4, .RectCorner=TOP_RIGHT, .direction={.x=1, .y=1} [.m=16 .M=24]}
{.i=4, .RectCorner=TOP_RIGHT, .direction={.x=1, .y=1} [.m=16 .M=20]}
{.i=4, .RectCorner=TOP_RIGHT, .direction={.x=1, .y=1} [.m=18 .M=20]}
{.i=4, .RectCorner=TOP_RIGHT, .direction={.x=1, .y=1} [.m=18 .M=19]}
{.i=4, .RectCorner=TOP_RIGHT, .direction={.x=1, .y=-1} [.m=4 .M=32767]}
{.i=4, .RectCorner=TOP_RIGHT, .direction={.x=1, .y=-1} [.m=8 .M=32767]}
{.i=4, .RectCorner=TOP_RIGHT, .direction={.x=1, .y=-1} [.m=16 .M=32767]}
{.i=4, .RectCorner=TOP_RIGHT, .direction={.x=1, .y=-1} [.m=16 .M=32]}
{.i=4, .RectCorner=TOP_RIGHT, .direction={.x=1, .y=-1} [.m=16 .M=24]}
{.i=4, .RectCorner=TOP_RIGHT, .direction={.x=1, .y=-1} [.m=16 .M=20]}
{.i=4, .RectCorner=TOP_RIGHT, .direction={.x=1, .y=-1} [.m=18 .M=20]}
{.i=4, .RectCorner=TOP_RIGHT, .direction={.x=1, .y=-1} [.m=18 .M=19]}
{.i=4, .RectCorner=TOP_RIGHT, .direction={.x=-1, .y=-1} [.m=4 .M=32767]}
{.i=4, .RectCorner=TOP_RIGHT, .direction={.x=-1, .y=-1} [.m=8 .M=32767]}
{.i=4, .RectCorner=TOP_RIGHT, .direction={.x=-1, .y=-1} [.m=16 .M=32767]}
{.i=4, .RectCorner=TOP_RIGHT, .direction={.x=-1, .y=-1} [.m=32 .M=32767]}
{.i=4, .RectCorner=TOP_RIGHT, .direction={.x=-1, .y=-1} [.m=64 .M=32767]}
{.i=4, .RectCorner=TOP_RIGHT, .direction={.x=-1, .y=-1} [.m=64 .M=128]}
{.i=4, .RectCorner=TOP_RIGHT, .direction={.x=-1, .y=-1} [.m=64 .M=96]}
{.i=4, .RectCorner=TOP_RIGHT, .direction={.x=-1, .y=-1} [.m=64 .M=80]}
{.i=4, .RectCorner=TOP_RIGHT, .direction={.x=-1, .y=-1} [.m=64 .M=72]}
{.i=4, .RectCorner=TOP_RIGHT, .direction={.x=-1, .y=-1} [.m=64 .M=68]}
{.i=4, .RectCorner=TOP_RIGHT, .direction={.x=-1, .y=-1} [.m=64 .M=66]}
{.i=4, .RectCorner=TOP_RIGHT, .direction={.x=-1, .y=-1} [.m=64 .M=65]}
{.i=4, .RectCorner=BOTTOM_RIGHT, .direction={.x=-1, .y=1} [.m=2 .M=4]}
{.i=4, .RectCorner=BOTTOM_RIGHT, .direction={.x=-1, .y=1} [.m=2 .M=3]}
{.i=4, .RectCorner=BOTTOM_RIGHT, .direction={.x=1, .y=1} [.m=4 .M=32767]}
{.i=4, .RectCorner=BOTTOM_RIGHT, .direction={.x=1, .y=1} [.m=8 .M=32767]}
{.i=4, .RectCorner=BOTTOM_RIGHT, .direction={.x=1, .y=1} [.m=16 .M=32767]}
{.i=4, .RectCorner=BOTTOM_RIGHT, .direction={.x=1, .y=1} [.m=16 .M=32]}
{.i=4, .RectCorner=BOTTOM_RIGHT, .direction={.x=1, .y=1} [.m=16 .M=24]}
{.i=4, .RectCorner=BOTTOM_RIGHT, .direction={.x=1, .y=1} [.m=16 .M=20]}
{.i=4, .RectCorner=BOTTOM_RIGHT, .direction={.x=1, .y=1} [.m=18 .M=20]}
{.i=4, .RectCorner=BOTTOM_RIGHT, .direction={.x=1, .y=1} [.m=18 .M=19]}
{.i=4, .RectCorner=BOTTOM_RIGHT, .direction={.x=1, .y=-1} [.m=4 .M=32767]}
{.i=4, .RectCorner=BOTTOM_RIGHT, .direction={.x=1, .y=-1} [.m=8 .M=32767]}
{.i=4, .RectCorner=BOTTOM_RIGHT, .direction={.x=1, .y=-1} [.m=16 .M=32767]}
{.i=4, .RectCorner=BOTTOM_RIGHT, .direction={.x=1, .y=-1} [.m=16 .M=32]}
{.i=4, .RectCorner=BOTTOM_RIGHT, .direction={.x=1, .y=-1} [.m=16 .M=24]}
{.i=4, .RectCorner=BOTTOM_RIGHT, .direction={.x=1, .y=-1} [.m=16 .M=20]}
{.i=4, .RectCorner=BOTTOM_RIGHT, .direction={.x=1, .y=-1} [.m=18 .M=20]}
{.i=4, .RectCorner=BOTTOM_RIGHT, .direction={.x=1, .y=-1} [.m=18 .M=19]}
{.i=5, .RectCorner=TOP_LEFT, .direction={.x=-1, .y=-1} [.m=4 .M=32767]}
{.i=5, .RectCorner=TOP_LEFT, .direction={.x=-1, .y=-1} [.m=8 .M=32767]}
{.i=5, .RectCorner=TOP_LEFT, .direction={.x=-1, .y=-1} [.m=16 .M=32767]}
{.i=5, .RectCorner=TOP_LEFT, .direction={.x=-1, .y=-1} [.m=16 .M=32]}
{.i=5, .RectCorner=TOP_LEFT, .direction={.x=-1, .y=-1} [.m=16 .M=24]}
{.i=5, .RectCorner=TOP_LEFT, .direction={.x=-1, .y=-1} [.m=16 .M=20]}
{.i=5, .RectCorner=TOP_LEFT, .direction={.x=-1, .y=-1} [.m=16 .M=18]}
{.i=5, .RectCorner=TOP_LEFT, .direction={.x=-1, .y=-1} [.m=16 .M=17]}
{.i=5, .RectCorner=TOP_LEFT, .direction={.x=1, .y=-1} [.m=4 .M=32767]}
{.i=5, .RectCorner=TOP_LEFT, .direction={.x=1, .y=-1} [.m=8 .M=32767]}
{.i=5, .RectCorner=TOP_LEFT, .direction={.x=1, .y=-1} [.m=16 .M=32767]}
{.i=5, .RectCorner=TOP_LEFT, .direction={.x=1, .y=-1} [.m=16 .M=32]}
{.i=5, .RectCorner=TOP_LEFT, .direction={.x=1, .y=-1} [.m=16 .M=24]}
{.i=5, .RectCorner=TOP_LEFT, .direction={.x=1, .y=-1} [.m=16 .M=20]}
{.i=5, .RectCorner=TOP_LEFT, .direction={.x=1, .y=-1} [.m=16 .M=18]}
{.i=5, .RectCorner=TOP_LEFT, .direction={.x=1, .y=-1} [.m=16 .M=17]}
{.i=5, .RectCorner=TOP_LEFT, .direction={.x=-1, .y=1} [.m=4 .M=32767]}
{.i=5, .RectCorner=TOP_LEFT, .direction={.x=-1, .y=1} [.m=8 .M=32767]}
{.i=5, .RectCorner=TOP_LEFT, .direction={.x=-1, .y=1} [.m=16 .M=32767]}
{.i=5, .RectCorner=TOP_LEFT, .direction={.x=-1, .y=1} [.m=32 .M=32767]}
{.i=5, .RectCorner=TOP_LEFT, .direction={.x=-1, .y=1} [.m=32 .M=64]}
{.i=5, .RectCorner=TOP_LEFT, .direction={.x=-1, .y=1} [.m=32 .M=48]}
{.i=5, .RectCorner=TOP_LEFT, .direction={.x=-1, .y=1} [.m=40 .M=48]}
{.i=5, .RectCorner=TOP_LEFT, .direction={.x=-1, .y=1} [.m=40 .M=44]}
{.i=5, .RectCorner=TOP_LEFT, .direction={.x=-1, .y=1} [.m=42 .M=44]}
{.i=5, .RectCorner=TOP_LEFT, .direction={.x=-1, .y=1} [.m=42 .M=43]}
{.i=5, .RectCorner=BOTTOM_LEFT, .direction={.x=-1, .y=1} [.m=2 .M=4]}
{.i=5, .RectCorner=BOTTOM_LEFT, .direction={.x=-1, .y=1} [.m=2 .M=3]}
{.i=5, .RectCorner=BOTTOM_LEFT, .direction={.x=1, .y=1} [.m=4 .M=32767]}
{.i=5, .RectCorner=BOTTOM_LEFT, .direction={.x=1, .y=1} [.m=8 .M=32767]}
{.i=5, .RectCorner=BOTTOM_LEFT, .direction={.x=1, .y=1} [.m=16 .M=32767]}
{.i=5, .RectCorner=BOTTOM_LEFT, .direction={.x=1, .y=1} [.m=32 .M=32767]}
{.i=5, .RectCorner=BOTTOM_LEFT, .direction={.x=1, .y=1} [.m=32 .M=64]}
{.i=5, .RectCorner=BOTTOM_LEFT, .direction={.x=1, .y=1} [.m=48 .M=64]}
{.i=5, .RectCorner=BOTTOM_LEFT, .direction={.x=1, .y=1} [.m=48 .M=56]}
{.i=5, .RectCorner=BOTTOM_LEFT, .direction={.x=1, .y=1} [.m=48 .M=52]}
{.i=5, .RectCorner=BOTTOM_LEFT, .direction={.x=1, .y=1} [.m=48 .M=50]}
{.i=5, .RectCorner=BOTTOM_LEFT, .direction={.x=1, .y=1} [.m=49 .M=50]}
{.i=5, .RectCorner=BOTTOM_LEFT, .direction={.x=-1, .y=-1} [.m=2 .M=4]}
{.i=5, .RectCorner=BOTTOM_LEFT, .direction={.x=-1, .y=-1} [.m=2 .M=3]}
{.i=5, .RectCorner=TOP_RIGHT, .direction={.x=1, .y=1} [.m=4 .M=32767]}
{.i=5, .RectCorner=TOP_RIGHT, .direction={.x=1, .y=1} [.m=8 .M=32767]}
{.i=5, .RectCorner=TOP_RIGHT, .direction={.x=1, .y=1} [.m=16 .M=32767]}
{.i=5, .RectCorner=TOP_RIGHT, .direction={.x=1, .y=1} [.m=32 .M=32767]}
{.i=5, .RectCorner=TOP_RIGHT, .direction={.x=1, .y=1} [.m=64 .M=32767]}
{.i=5, .RectCorner=TOP_RIGHT, .direction={.x=1, .y=1} [.m=128 .M=32767]}
{.i=5, .RectCorner=TOP_RIGHT, .direction={.x=1, .y=1} [.m=128 .M=256]}
{.i=5, .RectCorner=TOP_RIGHT, .direction={.x=1, .y=1} [.m=128 .M=192]}
{.i=5, .RectCorner=TOP_RIGHT, .direction={.x=1, .y=1} [.m=128 .M=160]}
{.i=5, .RectCorner=TOP_RIGHT, .direction={.x=1, .y=1} [.m=144 .M=160]}
{.i=5, .RectCorner=TOP_RIGHT, .direction={.x=1, .y=1} [.m=152 .M=160]}
{.i=5, .RectCorner=TOP_RIGHT, .direction={.x=1, .y=1} [.m=152 .M=156]}
{.i=5, .RectCorner=TOP_RIGHT, .direction={.x=1, .y=1} [.m=152 .M=154]}
{.i=5, .RectCorner=TOP_RIGHT, .direction={.x=1, .y=1} [.m=152 .M=153]}
{.i=5, .RectCorner=TOP_RIGHT, .direction={.x=1, .y=-1} [.m=4 .M=32767]}
{.i=5, .RectCorner=TOP_RIGHT, .direction={.x=1, .y=-1} [.m=8 .M=32767]}
{.i=5, .RectCorner=TOP_RIGHT, .direction={.x=1, .y=-1} [.m=16 .M=32767]}
{.i=5, .RectCorner=TOP_RIGHT, .direction={.x=1, .y=-1} [.m=16 .M=32]}
{.i=5, .RectCorner=TOP_RIGHT, .direction={.x=1, .y=-1} [.m=16 .M=24]}
{.i=5, .RectCorner=TOP_RIGHT, .direction={.x=1, .y=-1} [.m=16 .M=20]}
{.i=5, .RectCorner=TOP_RIGHT, .direction={.x=1, .y=-1} [.m=16 .M=18]}
{.i=5, .RectCorner=TOP_RIGHT, .direction={.x=1, .y=-1} [.m=16 .M=17]}
{.i=5, .RectCorner=TOP_RIGHT, .direction={.x=-1, .y=-1} [.m=4 .M=32767]}
{.i=5, .RectCorner=TOP_RIGHT, .direction={.x=-1, .y=-1} [.m=8 .M=32767]}
{.i=5, .RectCorner=TOP_RIGHT, .direction={.x=-1, .y=-1} [.m=16 .M=32767]}
{.i=5, .RectCorner=TOP_RIGHT, .direction={.x=-1, .y=-1} [.m=16 .M=32]}
{.i=5, .RectCorner=TOP_RIGHT, .direction={.x=-1, .y=-1} [.m=16 .M=24]}
{.i=5, .RectCorner=TOP_RIGHT, .direction={.x=-1, .y=-1} [.m=16 .M=20]}
{.i=5, .RectCorner=TOP_RIGHT, .direction={.x=-1, .y=-1} [.m=16 .M=18]}
{.i=5, .RectCorner=TOP_RIGHT, .direction={.x=-1, .y=-1} [.m=16 .M=17]}
{.i=5, .RectCorner=BOTTOM_RIGHT, .direction={.x=-1, .y=1} [.m=2 .M=4]}
{.i=5, .RectCorner=BOTTOM_RIGHT, .direction={.x=-1, .y=1} [.m=2 .M=3]}
{.i=5, .RectCorner=BOTTOM_RIGHT, .direction={.x=1, .y=1} [.m=2 .M=4]}
{.i=5, .RectCorner=BOTTOM_RIGHT, .direction={.x=1, .y=1} [.m=2 .M=3]}
{.i=5, .RectCorner=BOTTOM_RIGHT, .direction={.x=1, .y=-1} [.m=4 .M=32767]}
{.i=5, .RectCorner=BOTTOM_RIGHT, .direction={.x=1, .y=-1} [.m=8 .M=32767]}
{.i=5, .RectCorner=BOTTOM_RIGHT, .direction={.x=1, .y=-1} [.m=16 .M=32767]}
{.i=5, .RectCorner=BOTTOM_RIGHT, .direction={.x=1, .y=-1} [.m=32 .M=32767]}
{.i=5, .RectCorner=BOTTOM_RIGHT, .direction={.x=1, .y=-1} [.m=64 .M=32767]}
{.i=5, .RectCorner=BOTTOM_RIGHT, .direction={.x=1, .y=-1} [.m=128 .M=32767]}
{.i=5, .RectCorner=BOTTOM_RIGHT, .direction={.x=1, .y=-1} [.m=128 .M=256]}
{.i=5, .RectCorner=BOTTOM_RIGHT, .direction={.x=1, .y=-1} [.m=128 .M=192]}
{.i=5, .RectCorner=BOTTOM_RIGHT, .direction={.x=1, .y=-1} [.m=128 .M=160]}
{.i=5, .RectCorner=BOTTOM_RIGHT, .direction={.x=1, .y=-1} [.m=144 .M=160]}
{.i=5, .RectCorner=BOTTOM_RIGHT, .direction={.x=1, .y=-1} [.m=152 .M=160]}
{.i=5, .RectCorner=BOTTOM_RIGHT, .direction={.x=1, .y=-1} [.m=152 .M=156]}
{.i=5, .RectCorner=BOTTOM_RIGHT, .direction={.x=1, .y=-1} [.m=152 .M=154]}
{.i=5, .RectCorner=BOTTOM_RIGHT, .direction={.x=1, .y=-1} [.m=152 .M=153]}
{.i=6, .RectCorner=TOP_LEFT, .direction={.x=-1, .y=-1} [.m=2 .M=4]}
{.i=6, .RectCorner=TOP_LEFT, .direction={.x=-1, .y=-1} [.m=2 .M=3]}
{.i=6, .RectCorner=TOP_LEFT, .direction={.x=1, .y=-1} [.m=2 .M=4]}
{.i=6, .RectCorner=TOP_LEFT, .direction={.x=1, .y=-1} [.m=2 .M=3]}
{.i=6, .RectCorner=TOP_LEFT, .direction={.x=-1, .y=1} [.m=2 .M=4]}
{.i=6, .RectCorner=TOP_LEFT, .direction={.x=-1, .y=1} [.m=2 .M=3]}
{.i=6, .RectCorner=BOTTOM_LEFT, .direction={.x=-1, .y=1} [.m=2 .M=4]}
{.i=6, .RectCorner=BOTTOM_LEFT, .direction={.x=-1, .y=1} [.m=2 .M=3]}
{.i=6, .RectCorner=BOTTOM_LEFT, .direction={.x=1, .y=1} [.m=2 .M=4]}
{.i=6, .RectCorner=BOTTOM_LEFT, .direction={.x=1, .y=1} [.m=2 .M=3]}
{.i=6, .RectCorner=BOTTOM_LEFT, .direction={.x=-1, .y=-1} [.m=4 .M=32767]}
{.i=6, .RectCorner=BOTTOM_LEFT, .direction={.x=-1, .y=-1} [.m=8 .M=32767]}
{.i=6, .RectCorner=BOTTOM_LEFT, .direction={.x=-1, .y=-1} [.m=16 .M=32767]}
{.i=6, .RectCorner=BOTTOM_LEFT, .direction={.x=-1, .y=-1} [.m=32 .M=32767]}
{.i=6, .RectCorner=BOTTOM_LEFT, .direction={.x=-1, .y=-1} [.m=64 .M=32767]}
{.i=6, .RectCorner=BOTTOM_LEFT, .direction={.x=-1, .y=-1} [.m=64 .M=128]}
{.i=6, .RectCorner=BOTTOM_LEFT, .direction={.x=-1, .y=-1} [.m=96 .M=128]}
{.i=6, .RectCorner=BOTTOM_LEFT, .direction={.x=-1, .y=-1} [.m=96 .M=112]}
{.i=6, .RectCorner=BOTTOM_LEFT, .direction={.x=-1, .y=-1} [.m=104 .M=112]}
{.i=6, .RectCorner=BOTTOM_LEFT, .direction={.x=-1, .y=-1} [.m=108 .M=112]}
{.i=6, .RectCorner=BOTTOM_LEFT, .direction={.x=-1, .y=-1} [.m=108 .M=110]}
{.i=6, .RectCorner=BOTTOM_LEFT, .direction={.x=-1, .y=-1} [.m=109 .M=110]}
{.i=6, .RectCorner=TOP_RIGHT, .direction={.x=1, .y=1} [.m=2 .M=4]}
{.i=6, .RectCorner=TOP_RIGHT, .direction={.x=1, .y=1} [.m=2 .M=3]}
{.i=6, .RectCorner=TOP_RIGHT, .direction={.x=1, .y=-1} [.m=2 .M=4]}
{.i=6, .RectCorner=TOP_RIGHT, .direction={.x=1, .y=-1} [.m=2 .M=3]}
{.i=6, .RectCorner=TOP_RIGHT, .direction={.x=-1, .y=-1} [.m=4 .M=32767]}
{.i=6, .RectCorner=TOP_RIGHT, .direction={.x=-1, .y=-1} [.m=8 .M=32767]}
{.i=6, .RectCorner=TOP_RIGHT, .direction={.x=-1, .y=-1} [.m=16 .M=32767]}
{.i=6, .RectCorner=TOP_RIGHT, .direction={.x=-1, .y=-1} [.m=32 .M=32767]}
{.i=6, .RectCorner=TOP_RIGHT, .direction={.x=-1, .y=-1} [.m=32 .M=64]}
{.i=6, .RectCorner=TOP_RIGHT, .direction={.x=-1, .y=-1} [.m=48 .M=64]}
{.i=6, .RectCorner=TOP_RIGHT, .direction={.x=-1, .y=-1} [.m=48 .M=56]}
{.i=6, .RectCorner=TOP_RIGHT, .direction={.x=-1, .y=-1} [.m=48 .M=52]}
{.i=6, .RectCorner=TOP_RIGHT, .direction={.x=-1, .y=-1} [.m=48 .M=50]}
{.i=6, .RectCorner=TOP_RIGHT, .direction={.x=-1, .y=-1} [.m=49 .M=50]}
{.i=6, .RectCorner=BOTTOM_RIGHT, .direction={.x=-1, .y=1} [.m=2 .M=4]}
{.i=6, .RectCorner=BOTTOM_RIGHT, .direction={.x=-1, .y=1} [.m=2 .M=3]}
{.i=6, .RectCorner=BOTTOM_RIGHT, .direction={.x=1, .y=1} [.m=2 .M=4]}
{.i=6, .RectCorner=BOTTOM_RIGHT, .direction={.x=1, .y=1} [.m=2 .M=3]}
{.i=6, .RectCorner=BOTTOM_RIGHT, .direction={.x=1, .y=-1} [.m=4 .M=32767]}
{.i=6, .RectCorner=BOTTOM_RIGHT, .direction={.x=1, .y=-1} [.m=8 .M=32767]}
{.i=6, .RectCorner=BOTTOM_RIGHT, .direction={.x=1, .y=-1} [.m=16 .M=32767]}
{.i=6, .RectCorner=BOTTOM_RIGHT, .direction={.x=1, .y=-1} [.m=32 .M=32767]}
{.i=6, .RectCorner=BOTTOM_RIGHT, .direction={.x=1, .y=-1} [.m=64 .M=32767]}
{.i=6, .RectCorner=BOTTOM_RIGHT, .direction={.x=1, .y=-1} [.m=64 .M=128]}
{.i=6, .RectCorner=BOTTOM_RIGHT, .direction={.x=1, .y=-1} [.m=96 .M=128]}
{.i=6, .RectCorner=BOTTOM_RIGHT, .direction={.x=1, .y=-1} [.m=112 .M=128]}
{.i=6, .RectCorner=BOTTOM_RIGHT, .direction={.x=1, .y=-1} [.m=112 .M=120]}
{.i=6, .RectCorner=BOTTOM_RIGHT, .direction={.x=1, .y=-1} [.m=112 .M=116]}
{.i=6, .RectCorner=BOTTOM_RIGHT, .direction={.x=1, .y=-1} [.m=112 .M=114]}
{.i=6, .RectCorner=BOTTOM_RIGHT, .direction={.x=1, .y=-1} [.m=112 .M=113]}
{.i=7, .RectCorner=TOP_LEFT, .direction={.x=-1, .y=-1} [.m=2 .M=4]}
{.i=7, .RectCorner=TOP_LEFT, .direction={.x=-1, .y=-1} [.m=2 .M=3]}
{.i=7, .RectCorner=TOP_LEFT, .direction={.x=1, .y=-1} [.m=2 .M=4]}
{.i=7, .RectCorner=TOP_LEFT, .direction={.x=1, .y=-1} [.m=2 .M=3]}
{.i=7, .RectCorner=TOP_LEFT, .direction={.x=-1, .y=1} [.m=4 .M=32767]}
{.i=7, .RectCorner=TOP_LEFT, .direction={.x=-1, .y=1} [.m=8 .M=32767]}
{.i=7, .RectCorner=TOP_LEFT, .direction={.x=-1, .y=1} [.m=16 .M=32767]}
{.i=7, .RectCorner=TOP_LEFT, .direction={.x=-1, .y=1} [.m=32 .M=32767]}
{.i=7, .RectCorner=TOP_LEFT, .direction={.x=-1, .y=1} [.m=64 .M=32767]}
{.i=7, .RectCorner=TOP_LEFT, .direction={.x=-1, .y=1} [.m=64 .M=128]}
{.i=7, .RectCorner=TOP_LEFT, .direction={.x=-1, .y=1} [.m=64 .M=96]}
{.i=7, .RectCorner=TOP_LEFT, .direction={.x=-1, .y=1} [.m=64 .M=80]}
{.i=7, .RectCorner=TOP_LEFT, .direction={.x=-1, .y=1} [.m=64 .M=72]}
{.i=7, .RectCorner=TOP_LEFT, .direction={.x=-1, .y=1} [.m=64 .M=68]}
{.i=7, .RectCorner=TOP_LEFT, .direction={.x=-1, .y=1} [.m=64 .M=66]}
{.i=7, .RectCorner=TOP_LEFT, .direction={.x=-1, .y=1} [.m=64 .M=65]}
{.i=7, .RectCorner=BOTTOM_LEFT, .direction={.x=-1, .y=1} [.m=4 .M=32767]}
{.i=7, .RectCorner=BOTTOM_LEFT, .direction={.x=-1, .y=1} [.m=8 .M=32767]}
{.i=7, .RectCorner=BOTTOM_LEFT, .direction={.x=-1, .y=1} [.m=16 .M=32767]}
{.i=7, .RectCorner=BOTTOM_LEFT, .direction={.x=-1, .y=1} [.m=16 .M=32]}
{.i=7, .RectCorner=BOTTOM_LEFT, .direction={.x=-1, .y=1} [.m=16 .M=24]}
{.i=7, .RectCorner=BOTTOM_LEFT, .direction={.x=-1, .y=1} [.m=16 .M=20]}
{.i=7, .RectCorner=BOTTOM_LEFT, .direction={.x=-1, .y=1} [.m=18 .M=20]}
{.i=7, .RectCorner=BOTTOM_LEFT, .direction={.x=-1, .y=1} [.m=18 .M=19]}
{.i=7, .RectCorner=BOTTOM_LEFT, .direction={.x=1, .y=1} [.m=2 .M=4]}
{.i=7, .RectCorner=BOTTOM_LEFT, .direction={.x=1, .y=1} [.m=2 .M=3]}
{.i=7, .RectCorner=BOTTOM_LEFT, .direction={.x=-1, .y=-1} [.m=4 .M=32767]}
{.i=7, .RectCorner=BOTTOM_LEFT, .direction={.x=-1, .y=-1} [.m=8 .M=32767]}
{.i=7, .RectCorner=BOTTOM_LEFT, .direction={.x=-1, .y=-1} [.m=16 .M=32767]}
{.i=7, .RectCorner=BOTTOM_LEFT, .direction={.x=-1, .y=-1} [.m=16 .M=32]}
{.i=7, .RectCorner=BOTTOM_LEFT, .direction={.x=-1, .y=-1} [.m=16 .M=24]}
{.i=7, .RectCorner=BOTTOM_LEFT, .direction={.x=-1, .y=-1} [.m=16 .M=20]}
{.i=7, .RectCorner=BOTTOM_LEFT, .direction={.x=-1, .y=-1} [.m=18 .M=20]}
{.i=7, .RectCorner=BOTTOM_LEFT, .direction={.x=-1, .y=-1} [.m=18 .M=19]}
{.i=7, .RectCorner=TOP_RIGHT, .direction={.x=1, .y=1} [.m=4 .M=32767]}
{.i=7, .RectCorner=TOP_RIGHT, .direction={.x=1, .y=1} [.m=8 .M=32767]}
{.i=7, .RectCorner=TOP_RIGHT, .direction={.x=1, .y=1} [.m=16 .M=32767]}
{.i=7, .RectCorner=TOP_RIGHT, .direction={.x=1, .y=1} [.m=32 .M=32767]}
{.i=7, .RectCorner=TOP_RIGHT, .direction={.x=1, .y=1} [.m=32 .M=64]}
{.i=7, .RectCorner=TOP_RIGHT, .direction={.x=1, .y=1} [.m=32 .M=48]}
{.i=7, .RectCorner=TOP_RIGHT, .direction={.x=1, .y=1} [.m=40 .M=48]}
{.i=7, .RectCorner=TOP_RIGHT, .direction={.x=1, .y=1} [.m=40 .M=44]}
{.i=7, .RectCorner=TOP_RIGHT, .direction={.x=1, .y=1} [.m=42 .M=44]}
{.i=7, .RectCorner=TOP_RIGHT, .direction={.x=1, .y=1} [.m=42 .M=43]}
{.i=7, .RectCorner=TOP_RIGHT, .direction={.x=1, .y=-1} [.m=2 .M=4]}
{.i=7, .RectCorner=TOP_RIGHT, .direction={.x=1, .y=-1} [.m=2 .M=3]}
{.i=7, .RectCorner=TOP_RIGHT, .direction={.x=-1, .y=-1} [.m=2 .M=4]}
{.i=7, .RectCorner=TOP_RIGHT, .direction={.x=-1, .y=-1} [.m=2 .M=3]}
{.i=7, .RectCorner=BOTTOM_RIGHT, .direction={.x=-1, .y=1} [.m=2 .M=4]}
{.i=7, .RectCorner=BOTTOM_RIGHT, .direction={.x=-1, .y=1} [.m=2 .M=3]}
{.i=7, .RectCorner=BOTTOM_RIGHT, .direction={.x=1, .y=1} [.m=2 .M=4]}
{.i=7, .RectCorner=BOTTOM_RIGHT, .direction={.x=1, .y=1} [.m=2 .M=3]}
{.i=7, .RectCorner=BOTTOM_RIGHT, .direction={.x=1, .y=-1} [.m=4 .M=32767]}
{.i=7, .RectCorner=BOTTOM_RIGHT, .direction={.x=1, .y=-1} [.m=8 .M=32767]}
{.i=7, .RectCorner=BOTTOM_RIGHT, .direction={.x=1, .y=-1} [.m=16 .M=32767]}
{.i=7, .RectCorner=BOTTOM_RIGHT, .direction={.x=1, .y=-1} [.m=32 .M=32767]}
{.i=7, .RectCorner=BOTTOM_RIGHT, .direction={.x=1, .y=-1} [.m=32 .M=64]}
{.i=7, .RectCorner=BOTTOM_RIGHT, .direction={.x=1, .y=-1} [.m=32 .M=48]}
{.i=7, .RectCorner=BOTTOM_RIGHT, .direction={.x=1, .y=-1} [.m=40 .M=48]}
{.i=7, .RectCorner=BOTTOM_RIGHT, .direction={.x=1, .y=-1} [.m=40 .M=44]}
{.i=7, .RectCorner=BOTTOM_RIGHT, .direction={.x=1, .y=-1} [.m=42 .M=44]}
{.i=7, .RectCorner=BOTTOM_RIGHT, .direction={.x=1, .y=-1} [.m=42 .M=43]}
{.i=8, .RectCorner=TOP_LEFT, .direction={.x=-1, .y=-1} [.m=2 .M=4]}
{.i=8, .RectCorner=TOP_LEFT, .direction={.x=-1, .y=-1} [.m=2 .M=3]}
{.i=8, .RectCorner=TOP_LEFT, .direction={.x=1, .y=-1} [.m=2 .M=4]}
{.i=8, .RectCorner=TOP_LEFT, .direction={.x=1, .y=-1} [.m=2 .M=3]}
{.i=8, .RectCorner=TOP_LEFT, .direction={.x=-1, .y=1} [.m=2 .M=4]}
{.i=8, .RectCorner=TOP_LEFT, .direction={.x=-1, .y=1} [.m=2 .M=3]}
{.i=8, .RectCorner=BOTTOM_LEFT, .direction={.x=-1, .y=1} [.m=4 .M=32767]}
{.i=8, .RectCorner=BOTTOM_LEFT, .direction={.x=-1, .y=1} [.m=8 .M=32767]}
{.i=8, .RectCorner=BOTTOM_LEFT, .direction={.x=-1, .y=1} [.m=16 .M=32767]}
{.i=8, .RectCorner=BOTTOM_LEFT, .direction={.x=-1, .y=1} [.m=32 .M=32767]}
{.i=8, .RectCorner=BOTTOM_LEFT, .direction={.x=-1, .y=1} [.m=64 .M=32767]}
{.i=8, .RectCorner=BOTTOM_LEFT, .direction={.x=-1, .y=1} [.m=64 .M=128]}
{.i=8, .RectCorner=BOTTOM_LEFT, .direction={.x=-1, .y=1} [.m=64 .M=96]}
{.i=8, .RectCorner=BOTTOM_LEFT, .direction={.x=-1, .y=1} [.m=64 .M=80]}
{.i=8, .RectCorner=BOTTOM_LEFT, .direction={.x=-1, .y=1} [.m=64 .M=72]}
{.i=8, .RectCorner=BOTTOM_LEFT, .direction={.x=-1, .y=1} [.m=64 .M=68]}
{.i=8, .RectCorner=BOTTOM_LEFT, .direction={.x=-1, .y=1} [.m=64 .M=66]}
{.i=8, .RectCorner=BOTTOM_LEFT, .direction={.x=-1, .y=1} [.m=64 .M=65]}
{.i=8, .RectCorner=BOTTOM_LEFT, .direction={.x=1, .y=1} [.m=4 .M=32767]}
{.i=8, .RectCorner=BOTTOM_LEFT, .direction={.x=1, .y=1} [.m=8 .M=32767]}
{.i=8, .RectCorner=BOTTOM_LEFT, .direction={.x=1, .y=1} [.m=16 .M=32767]}
{.i=8, .RectCorner=BOTTOM_LEFT, .direction={.x=1, .y=1} [.m=32 .M=32767]}
{.i=8, .RectCorner=BOTTOM_LEFT, .direction={.x=1, .y=1} [.m=64 .M=32767]}
{.i=8, .RectCorner=BOTTOM_LEFT, .direction={.x=1, .y=1} [.m=64 .M=128]}
{.i=8, .RectCorner=BOTTOM_LEFT, .direction={.x=1, .y=1} [.m=64 .M=96]}
{.i=8, .RectCorner=BOTTOM_LEFT, .direction={.x=1, .y=1} [.m=64 .M=80]}
{.i=8, .RectCorner=BOTTOM_LEFT, .direction={.x=1, .y=1} [.m=64 .M=72]}
{.i=8, .RectCorner=BOTTOM_LEFT, .direction={.x=1, .y=1} [.m=64 .M=68]}
{.i=8, .RectCorner=BOTTOM_LEFT, .direction={.x=1, .y=1} [.m=64 .M=66]}
{.i=8, .RectCorner=BOTTOM_LEFT, .direction={.x=1, .y=1} [.m=64 .M=65]}
{.i=8, .RectCorner=BOTTOM_LEFT, .direction={.x=-1, .y=-1} [.m=4 .M=32767]}
{.i=8, .RectCorner=BOTTOM_LEFT, .direction={.x=-1, .y=-1} [.m=8 .M=32767]}
{.i=8, .RectCorner=BOTTOM_LEFT, .direction={.x=-1, .y=-1} [.m=16 .M=32767]}
{.i=8, .RectCorner=BOTTOM_LEFT, .direction={.x=-1, .y=-1} [.m=16 .M=32]}
{.i=8, .RectCorner=BOTTOM_LEFT, .direction={.x=-1, .y=-1} [.m=16 .M=24]}
{.i=8, .RectCorner=BOTTOM_LEFT, .direction={.x=-1, .y=-1} [.m=16 .M=20]}
{.i=8, .RectCorner=BOTTOM_LEFT, .direction={.x=-1, .y=-1} [.m=16 .M=18]}
{.i=8, .RectCorner=BOTTOM_LEFT, .direction={.x=-1, .y=-1} [.m=16 .M=17]}
{.i=8, .RectCorner=TOP_RIGHT, .direction={.x=1, .y=1} [.m=4 .M=32767]}
{.i=8, .RectCorner=TOP_RIGHT, .direction={.x=1, .y=1} [.m=8 .M=32767]}
{.i=8, .RectCorner=TOP_RIGHT, .direction={.x=1, .y=1} [.m=16 .M=32767]}
{.i=8, .RectCorner=TOP_RIGHT, .direction={.x=1, .y=1} [.m=16 .M=32]}
{.i=8, .RectCorner=TOP_RIGHT, .direction={.x=1, .y=1} [.m=16 .M=24]}
{.i=8, .RectCorner=TOP_RIGHT, .direction={.x=1, .y=1} [.m=16 .M=20]}
{.i=8, .RectCorner=TOP_RIGHT, .direction={.x=1, .y=1} [.m=18 .M=20]}
{.i=8, .RectCorner=TOP_RIGHT, .direction={.x=1, .y=1} [.m=18 .M=19]}
{.i=8, .RectCorner=TOP_RIGHT, .direction={.x=1, .y=-1} [.m=4 .M=32767]}
{.i=8, .RectCorner=TOP_RIGHT, .direction={.x=1, .y=-1} [.m=8 .M=32767]}
{.i=8, .RectCorner=TOP_RIGHT, .direction={.x=1, .y=-1} [.m=16 .M=32767]}
{.i=8, .RectCorner=TOP_RIGHT, .direction={.x=1, .y=-1} [.m=16 .M=32]}
{.i=8, .RectCorner=TOP_RIGHT, .direction={.x=1, .y=-1} [.m=16 .M=24]}
{.i=8, .RectCorner=TOP_RIGHT, .direction={.x=1, .y=-1} [.m=16 .M=20]}
{.i=8, .RectCorner=TOP_RIGHT, .direction={.x=1, .y=-1} [.m=18 .M=20]}
{.i=8, .RectCorner=TOP_RIGHT, .direction={.x=1, .y=-1} [.m=18 .M=19]}
{.i=8, .RectCorner=TOP_RIGHT, .direction={.x=-1, .y=-1} [.m=2 .M=4]}
{.i=8, .RectCorner=TOP_RIGHT, .direction={.x=-1, .y=-1} [.m=2 .M=3]}
{.i=8, .RectCorner=BOTTOM_RIGHT, .direction={.x=-1, .y=1} [.m=4 .M=32767]}
{.i=8, .RectCorner=BOTTOM_RIGHT, .direction={.x=-1, .y=1} [.m=8 .M=32767]}
{.i=8, .RectCorner=BOTTOM_RIGHT, .direction={.x=-1, .y=1} [.m=16 .M=32767]}
{.i=8, .RectCorner=BOTTOM_RIGHT, .direction={.x=-1, .y=1} [.m=32 .M=32767]}
{.i=8, .RectCorner=BOTTOM_RIGHT, .direction={.x=-1, .y=1} [.m=64 .M=32767]}
{.i=8, .RectCorner=BOTTOM_RIGHT, .direction={.x=-1, .y=1} [.m=64 .M=128]}
{.i=8, .RectCorner=BOTTOM_RIGHT, .direction={.x=-1, .y=1} [.m=64 .M=96]}
{.i=8, .RectCorner=BOTTOM_RIGHT, .direction={.x=-1, .y=1} [.m=64 .M=80]}
{.i=8, .RectCorner=BOTTOM_RIGHT, .direction={.x=-1, .y=1} [.m=64 .M=72]}
{.i=8, .RectCorner=BOTTOM_RIGHT, .direction={.x=-1, .y=1} [.m=64 .M=68]}
{.i=8, .RectCorner=BOTTOM_RIGHT, .direction={.x=-1, .y=1} [.m=64 .M=66]}
{.i=8, .RectCorner=BOTTOM_RIGHT, .direction={.x=-1, .y=1} [.m=64 .M=65]}
{.i=8, .RectCorner=BOTTOM_RIGHT, .direction={.x=1, .y=1} [.m=4 .M=32767]}
{.i=8, .RectCorner=BOTTOM_RIGHT, .direction={.x=1, .y=1} [.m=8 .M=32767]}
{.i=8, .RectCorner=BOTTOM_RIGHT, .direction={.x=1, .y=1} [.m=16 .M=32767]}
{.i=8, .RectCorner=BOTTOM_RIGHT, .direction={.x=1, .y=1} [.m=32 .M=32767]}
{.i=8, .RectCorner=BOTTOM_RIGHT, .direction={.x=1, .y=1} [.m=64 .M=32767]}
{.i=8, .RectCorner=BOTTOM_RIGHT, .direction={.x=1, .y=1} [.m=64 .M=128]}
{.i=8, .RectCorner=BOTTOM_RIGHT, .direction={.x=1, .y=1} [.m=64 .M=96]}
{.i=8, .RectCorner=BOTTOM_RIGHT, .direction={.x=1, .y=1} [.m=64 .M=80]}
{.i=8, .RectCorner=BOTTOM_RIGHT, .direction={.x=1, .y=1} [.m=64 .M=72]}
{.i=8, .RectCorner=BOTTOM_RIGHT, .direction={.x=1, .y=1} [.m=64 .M=68]}
{.i=8, .RectCorner=BOTTOM_RIGHT, .direction={.x=1, .y=1} [.m=64 .M=66]}
{.i=8, .RectCorner=BOTTOM_RIGHT, .direction={.x=1, .y=1} [.m=64 .M=65]}
{.i=8, .RectCorner=BOTTOM_RIGHT, .direction={.x=1, .y=-1} [.m=4 .M=32767]}
{.i=8, .RectCorner=BOTTOM_RIGHT, .direction={.x=1, .y=-1} [.m=8 .M=32767]}
{.i=8, .RectCorner=BOTTOM_RIGHT, .direction={.x=1, .y=-1} [.m=16 .M=32767]}
{.i=8, .RectCorner=BOTTOM_RIGHT, .direction={.x=1, .y=-1} [.m=32 .M=32767]}
{.i=8, .RectCorner=BOTTOM_RIGHT, .direction={.x=1, .y=-1} [.m=32 .M=64]}
{.i=8, .RectCorner=BOTTOM_RIGHT, .direction={.x=1, .y=-1} [.m=48 .M=64]}
{.i=8, .RectCorner=BOTTOM_RIGHT, .direction={.x=1, .y=-1} [.m=48 .M=56]}
{.i=8, .RectCorner=BOTTOM_RIGHT, .direction={.x=1, .y=-1} [.m=48 .M=52]}
{.i=8, .RectCorner=BOTTOM_RIGHT, .direction={.x=1, .y=-1} [.m=48 .M=50]}
{.i=8, .RectCorner=BOTTOM_RIGHT, .direction={.x=1, .y=-1} [.m=48 .M=49]}
{.i=9, .RectCorner=TOP_LEFT, .direction={.x=-1, .y=-1} [.m=4 .M=32767]}
{.i=9, .RectCorner=TOP_LEFT, .direction={.x=-1, .y=-1} [.m=8 .M=32767]}
{.i=9, .RectCorner=TOP_LEFT, .direction={.x=-1, .y=-1} [.m=16 .M=32767]}
{.i=9, .RectCorner=TOP_LEFT, .direction={.x=-1, .y=-1} [.m=16 .M=32]}
{.i=9, .RectCorner=TOP_LEFT, .direction={.x=-1, .y=-1} [.m=16 .M=24]}
{.i=9, .RectCorner=TOP_LEFT, .direction={.x=-1, .y=-1} [.m=16 .M=20]}
{.i=9, .RectCorner=TOP_LEFT, .direction={.x=-1, .y=-1} [.m=18 .M=20]}
{.i=9, .RectCorner=TOP_LEFT, .direction={.x=-1, .y=-1} [.m=18 .M=19]}
{.i=9, .RectCorner=TOP_LEFT, .direction={.x=1, .y=-1} [.m=2 .M=4]}
{.i=9, .RectCorner=TOP_LEFT, .direction={.x=1, .y=-1} [.m=2 .M=3]}
{.i=9, .RectCorner=TOP_LEFT, .direction={.x=-1, .y=1} [.m=4 .M=32767]}
{.i=9, .RectCorner=TOP_LEFT, .direction={.x=-1, .y=1} [.m=8 .M=32767]}
{.i=9, .RectCorner=TOP_LEFT, .direction={.x=-1, .y=1} [.m=16 .M=32767]}
{.i=9, .RectCorner=TOP_LEFT, .direction={.x=-1, .y=1} [.m=16 .M=32]}
{.i=9, .RectCorner=TOP_LEFT, .direction={.x=-1, .y=1} [.m=16 .M=24]}
{.i=9, .RectCorner=TOP_LEFT, .direction={.x=-1, .y=1} [.m=16 .M=20]}
{.i=9, .RectCorner=TOP_LEFT, .direction={.x=-1, .y=1} [.m=18 .M=20]}
{.i=9, .RectCorner=TOP_LEFT, .direction={.x=-1, .y=1} [.m=18 .M=19]}
{.i=9, .RectCorner=BOTTOM_LEFT, .direction={.x=-1, .y=1} [.m=2 .M=4]}
{.i=9, .RectCorner=BOTTOM_LEFT, .direction={.x=-1, .y=1} [.m=2 .M=3]}
{.i=9, .RectCorner=BOTTOM_LEFT, .direction={.x=1, .y=1} [.m=2 .M=4]}
{.i=9, .RectCorner=BOTTOM_LEFT, .direction={.x=1, .y=1} [.m=2 .M=3]}
{.i=9, .RectCorner=BOTTOM_LEFT, .direction={.x=-1, .y=-1} [.m=4 .M=32767]}
{.i=9, .RectCorner=BOTTOM_LEFT, .direction={.x=-1, .y=-1} [.m=8 .M=32767]}
{.i=9, .RectCorner=BOTTOM_LEFT, .direction={.x=-1, .y=-1} [.m=16 .M=32767]}
{.i=9, .RectCorner=BOTTOM_LEFT, .direction={.x=-1, .y=-1} [.m=16 .M=32]}
{.i=9, .RectCorner=BOTTOM_LEFT, .direction={.x=-1, .y=-1} [.m=16 .M=24]}
{.i=9, .RectCorner=BOTTOM_LEFT, .direction={.x=-1, .y=-1} [.m=16 .M=20]}
{.i=9, .RectCorner=BOTTOM_LEFT, .direction={.x=-1, .y=-1} [.m=18 .M=20]}
{.i=9, .RectCorner=BOTTOM_LEFT, .direction={.x=-1, .y=-1} [.m=18 .M=19]}
{.i=9, .RectCorner=TOP_RIGHT, .direction={.x=1, .y=1} [.m=2 .M=4]}
{.i=9, .RectCorner=TOP_RIGHT, .direction={.x=1, .y=1} [.m=2 .M=3]}
{.i=9, .RectCorner=TOP_RIGHT, .direction={.x=1, .y=-1} [.m=2 .M=4]}
{.i=9, .RectCorner=TOP_RIGHT, .direction={.x=1, .y=-1} [.m=2 .M=3]}
{.i=9, .RectCorner=TOP_RIGHT, .direction={.x=-1, .y=-1} [.m=4 .M=32767]}
{.i=9, .RectCorner=TOP_RIGHT, .direction={.x=-1, .y=-1} [.m=8 .M=32767]}
{.i=9, .RectCorner=TOP_RIGHT, .direction={.x=-1, .y=-1} [.m=16 .M=32767]}
{.i=9, .RectCorner=TOP_RIGHT, .direction={.x=-1, .y=-1} [.m=32 .M=32767]}
{.i=9, .RectCorner=TOP_RIGHT, .direction={.x=-1, .y=-1} [.m=32 .M=64]}
{.i=9, .RectCorner=TOP_RIGHT, .direction={.x=-1, .y=-1} [.m=32 .M=48]}
{.i=9, .RectCorner=TOP_RIGHT, .direction={.x=-1, .y=-1} [.m=40 .M=48]}
{.i=9, .RectCorner=TOP_RIGHT, .direction={.x=-1, .y=-1} [.m=40 .M=44]}
{.i=9, .RectCorner=TOP_RIGHT, .direction={.x=-1, .y=-1} [.m=42 .M=44]}
{.i=9, .RectCorner=TOP_RIGHT, .direction={.x=-1, .y=-1} [.m=42 .M=43]}
{.i=9, .RectCorner=BOTTOM_RIGHT, .direction={.x=-1, .y=1} [.m=2 .M=4]}
{.i=9, .RectCorner=BOTTOM_RIGHT, .direction={.x=-1, .y=1} [.m=2 .M=3]}
{.i=9, .RectCorner=BOTTOM_RIGHT, .direction={.x=1, .y=1} [.m=2 .M=4]}
{.i=9, .RectCorner=BOTTOM_RIGHT, .direction={.x=1, .y=1} [.m=2 .M=3]}
{.i=9, .RectCorner=BOTTOM_RIGHT, .direction={.x=1, .y=-1} [.m=4 .M=32767]}
{.i=9, .RectCorner=BOTTOM_RIGHT, .direction={.x=1, .y=-1} [.m=8 .M=32767]}
{.i=9, .RectCorner=BOTTOM_RIGHT, .direction={.x=1, .y=-1} [.m=16 .M=32767]}
{.i=9, .RectCorner=BOTTOM_RIGHT, .direction={.x=1, .y=-1} [.m=32 .M=32767]}
{.i=9, .RectCorner=BOTTOM_RIGHT, .direction={.x=1, .y=-1} [.m=32 .M=64]}
{.i=9, .RectCorner=BOTTOM_RIGHT, .direction={.x=1, .y=-1} [.m=48 .M=64]}
{.i=9, .RectCorner=BOTTOM_RIGHT, .direction={.x=1, .y=-1} [.m=48 .M=56]}
{.i=9, .RectCorner=BOTTOM_RIGHT, .direction={.x=1, .y=-1} [.m=48 .M=52]}
{.i=9, .RectCorner=BOTTOM_RIGHT, .direction={.x=1, .y=-1} [.m=48 .M=50]}
{.i=9, .RectCorner=BOTTOM_RIGHT, .direction={.x=1, .y=-1} [.m=49 .M=50]}
{.i=10, .RectCorner=TOP_LEFT, .direction={.x=-1, .y=-1} [.m=2 .M=4]}
{.i=10, .RectCorner=TOP_LEFT, .direction={.x=-1, .y=-1} [.m=2 .M=3]}
{.i=10, .RectCorner=TOP_LEFT, .direction={.x=1, .y=-1} [.m=2 .M=4]}
{.i=10, .RectCorner=TOP_LEFT, .direction={.x=1, .y=-1} [.m=2 .M=3]}
{.i=10, .RectCorner=TOP_LEFT, .direction={.x=-1, .y=1} [.m=2 .M=4]}
{.i=10, .RectCorner=TOP_LEFT, .direction={.x=-1, .y=1} [.m=2 .M=3]}
{.i=10, .RectCorner=BOTTOM_LEFT, .direction={.x=-1, .y=1} [.m=2 .M=4]}
{.i=10, .RectCorner=BOTTOM_LEFT, .direction={.x=-1, .y=1} [.m=2 .M=3]}
{.i=10, .RectCorner=BOTTOM_LEFT, .direction={.x=1, .y=1} [.m=2 .M=4]}
{.i=10, .RectCorner=BOTTOM_LEFT, .direction={.x=1, .y=1} [.m=2 .M=3]}
{.i=10, .RectCorner=BOTTOM_LEFT, .direction={.x=-1, .y=-1} [.m=2 .M=4]}
{.i=10, .RectCorner=BOTTOM_LEFT, .direction={.x=-1, .y=-1} [.m=2 .M=3]}
{.i=10, .RectCorner=TOP_RIGHT, .direction={.x=1, .y=1} [.m=2 .M=4]}
{.i=10, .RectCorner=TOP_RIGHT, .direction={.x=1, .y=1} [.m=2 .M=3]}
{.i=10, .RectCorner=TOP_RIGHT, .direction={.x=1, .y=-1} [.m=2 .M=4]}
{.i=10, .RectCorner=TOP_RIGHT, .direction={.x=1, .y=-1} [.m=2 .M=3]}
{.i=10, .RectCorner=TOP_RIGHT, .direction={.x=-1, .y=-1} [.m=2 .M=4]}
{.i=10, .RectCorner=TOP_RIGHT, .direction={.x=-1, .y=-1} [.m=2 .M=3]}
{.i=10, .RectCorner=BOTTOM_RIGHT, .direction={.x=-1, .y=1} [.m=2 .M=4]}
{.i=10, .RectCorner=BOTTOM_RIGHT, .direction={.x=-1, .y=1} [.m=2 .M=3]}
{.i=10, .RectCorner=BOTTOM_RIGHT, .direction={.x=1, .y=1} [.m=2 .M=4]}
{.i=10, .RectCorner=BOTTOM_RIGHT, .direction={.x=1, .y=1} [.m=2 .M=3]}
{.i=10, .RectCorner=BOTTOM_RIGHT, .direction={.x=1, .y=-1} [.m=2 .M=4]}
{.i=10, .RectCorner=BOTTOM_RIGHT, .direction={.x=1, .y=-1} [.m=2 .M=3]}
{.i=11, .RectCorner=TOP_LEFT, .direction={.x=-1, .y=-1} [.m=2 .M=4]}
{.i=11, .RectCorner=TOP_LEFT, .direction={.x=-1, .y=-1} [.m=2 .M=3]}
{.i=11, .RectCorner=TOP_LEFT, .direction={.x=1, .y=-1} [.m=4 .M=32767]}
{.i=11, .RectCorner=TOP_LEFT, .direction={.x=1, .y=-1} [.m=8 .M=32767]}
{.i=11, .RectCorner=TOP_LEFT, .direction={.x=1, .y=-1} [.m=16 .M=32767]}
{.i=11, .RectCorner=TOP_LEFT, .direction={.x=1, .y=-1} [.m=32 .M=32767]}
{.i=11, .RectCorner=TOP_LEFT, .direction={.x=1, .y=-1} [.m=64 .M=32767]}
{.i=11, .RectCorner=TOP_LEFT, .direction={.x=1, .y=-1} [.m=128 .M=32767]}
{.i=11, .RectCorner=TOP_LEFT, .direction={.x=1, .y=-1} [.m=128 .M=256]}
{.i=11, .RectCorner=TOP_LEFT, .direction={.x=1, .y=-1} [.m=128 .M=192]}
{.i=11, .RectCorner=TOP_LEFT, .direction={.x=1, .y=-1} [.m=128 .M=160]}
{.i=11, .RectCorner=TOP_LEFT, .direction={.x=1, .y=-1} [.m=144 .M=160]}
{.i=11, .RectCorner=TOP_LEFT, .direction={.x=1, .y=-1} [.m=144 .M=152]}
{.i=11, .RectCorner=TOP_LEFT, .direction={.x=1, .y=-1} [.m=144 .M=148]}
{.i=11, .RectCorner=TOP_LEFT, .direction={.x=1, .y=-1} [.m=144 .M=146]}
{.i=11, .RectCorner=TOP_LEFT, .direction={.x=1, .y=-1} [.m=144 .M=145]}
{.i=11, .RectCorner=TOP_LEFT, .direction={.x=-1, .y=1} [.m=2 .M=4]}
{.i=11, .RectCorner=TOP_LEFT, .direction={.x=-1, .y=1} [.m=2 .M=3]}
{.i=11, .RectCorner=BOTTOM_LEFT, .direction={.x=-1, .y=1} [.m=2 .M=4]}
{.i=11, .RectCorner=BOTTOM_LEFT, .direction={.x=-1, .y=1} [.m=2 .M=3]}
{.i=11, .RectCorner=BOTTOM_LEFT, .direction={.x=1, .y=1} [.m=2 .M=4]}
{.i=11, .RectCorner=BOTTOM_LEFT, .direction={.x=1, .y=1} [.m=2 .M=3]}
{.i=11, .RectCorner=BOTTOM_LEFT, .direction={.x=-1, .y=-1} [.m=2 .M=4]}
{.i=11, .RectCorner=BOTTOM_LEFT, .direction={.x=-1, .y=-1} [.m=2 .M=3]}
{.i=11, .RectCorner=TOP_RIGHT, .direction={.x=1, .y=1} [.m=2 .M=4]}
{.i=11, .RectCorner=TOP_RIGHT, .direction={.x=1, .y=1} [.m=2 .M=3]}
{.i=11, .RectCorner=TOP_RIGHT, .direction={.x=1, .y=-1} [.m=2 .M=4]}
{.i=11, .RectCorner=TOP_RIGHT, .direction={.x=1, .y=-1} [.m=2 .M=3]}
{.i=11, .RectCorner=TOP_RIGHT, .direction={.x=-1, .y=-1} [.m=4 .M=32767]}
{.i=11, .RectCorner=TOP_RIGHT, .direction={.x=-1, .y=-1} [.m=8 .M=32767]}
{.i=11, .RectCorner=TOP_RIGHT, .direction={.x=-1, .y=-1} [.m=16 .M=32767]}
{.i=11, .RectCorner=TOP_RIGHT, .direction={.x=-1, .y=-1} [.m=32 .M=32767]}
{.i=11, .RectCorner=TOP_RIGHT, .direction={.x=-1, .y=-1} [.m=64 .M=32767]}
{.i=11, .RectCorner=TOP_RIGHT, .direction={.x=-1, .y=-1} [.m=128 .M=32767]}
{.i=11, .RectCorner=TOP_RIGHT, .direction={.x=-1, .y=-1} [.m=128 .M=256]}
{.i=11, .RectCorner=TOP_RIGHT, .direction={.x=-1, .y=-1} [.m=128 .M=192]}
{.i=11, .RectCorner=TOP_RIGHT, .direction={.x=-1, .y=-1} [.m=128 .M=160]}
{.i=11, .RectCorner=TOP_RIGHT, .direction={.x=-1, .y=-1} [.m=144 .M=160]}
{.i=11, .RectCorner=TOP_RIGHT, .direction={.x=-1, .y=-1} [.m=144 .M=152]}
{.i=11, .RectCorner=TOP_RIGHT, .direction={.x=-1, .y=-1} [.m=144 .M=148]}
{.i=11, .RectCorner=TOP_RIGHT, .direction={.x=-1, .y=-1} [.m=144 .M=146]}
{.i=11, .RectCorner=TOP_RIGHT, .direction={.x=-1, .y=-1} [.m=144 .M=145]}
{.i=11, .RectCorner=BOTTOM_RIGHT, .direction={.x=-1, .y=1} [.m=2 .M=4]}
{.i=11, .RectCorner=BOTTOM_RIGHT, .direction={.x=-1, .y=1} [.m=2 .M=3]}
{.i=11, .RectCorner=BOTTOM_RIGHT, .direction={.x=1, .y=1} [.m=2 .M=4]}
{.i=11, .RectCorner=BOTTOM_RIGHT, .direction={.x=1, .y=1} [.m=2 .M=3]}
{.i=11, .RectCorner=BOTTOM_RIGHT, .direction={.x=1, .y=-1} [.m=2 .M=4]}
{.i=11, .RectCorner=BOTTOM_RIGHT, .direction={.x=1, .y=-1} [.m=2 .M=3]}
{.i=12, .RectCorner=TOP_LEFT, .direction={.x=-1, .y=-1} [.m=2 .M=4]}
{.i=12, .RectCorner=TOP_LEFT, .direction={.x=-1, .y=-1} [.m=2 .M=3]}
{.i=12, .RectCorner=TOP_LEFT, .direction={.x=1, .y=-1} [.m=2 .M=4]}
{.i=12, .RectCorner=TOP_LEFT, .direction={.x=1, .y=-1} [.m=2 .M=3]}
{.i=12, .RectCorner=TOP_LEFT, .direction={.x=-1, .y=1} [.m=2 .M=4]}
{.i=12, .RectCorner=TOP_LEFT, .direction={.x=-1, .y=1} [.m=2 .M=3]}
{.i=12, .RectCorner=BOTTOM_LEFT, .direction={.x=-1, .y=1} [.m=2 .M=4]}
{.i=12, .RectCorner=BOTTOM_LEFT, .direction={.x=-1, .y=1} [.m=2 .M=3]}
{.i=12, .RectCorner=BOTTOM_LEFT, .direction={.x=1, .y=1} [.m=4 .M=32767]}
{.i=12, .RectCorner=BOTTOM_LEFT, .direction={.x=1, .y=1} [.m=8 .M=32767]}
{.i=12, .RectCorner=BOTTOM_LEFT, .direction={.x=1, .y=1} [.m=16 .M=32767]}
{.i=12, .RectCorner=BOTTOM_LEFT, .direction={.x=1, .y=1} [.m=32 .M=32767]}
{.i=12, .RectCorner=BOTTOM_LEFT, .direction={.x=1, .y=1} [.m=64 .M=32767]}
{.i=12, .RectCorner=BOTTOM_LEFT, .direction={.x=1, .y=1} [.m=64 .M=128]}
{.i=12, .RectCorner=BOTTOM_LEFT, .direction={.x=1, .y=1} [.m=64 .M=96]}
{.i=12, .RectCorner=BOTTOM_LEFT, .direction={.x=1, .y=1} [.m=80 .M=96]}
{.i=12, .RectCorner=BOTTOM_LEFT, .direction={.x=1, .y=1} [.m=80 .M=88]}
{.i=12, .RectCorner=BOTTOM_LEFT, .direction={.x=1, .y=1} [.m=80 .M=84]}
{.i=12, .RectCorner=BOTTOM_LEFT, .direction={.x=1, .y=1} [.m=80 .M=82]}
{.i=12, .RectCorner=BOTTOM_LEFT, .direction={.x=1, .y=1} [.m=80 .M=81]}
{.i=12, .RectCorner=BOTTOM_LEFT, .direction={.x=-1, .y=-1} [.m=2 .M=4]}
{.i=12, .RectCorner=BOTTOM_LEFT, .direction={.x=-1, .y=-1} [.m=2 .M=3]}
{.i=12, .RectCorner=TOP_RIGHT, .direction={.x=1, .y=1} [.m=2 .M=4]}
{.i=12, .RectCorner=TOP_RIGHT, .direction={.x=1, .y=1} [.m=2 .M=3]}
{.i=12, .RectCorner=TOP_RIGHT, .direction={.x=1, .y=-1} [.m=2 .M=4]}
{.i=12, .RectCorner=TOP_RIGHT, .direction={.x=1, .y=-1} [.m=2 .M=3]}
{.i=12, .RectCorner=TOP_RIGHT, .direction={.x=-1, .y=-1} [.m=2 .M=4]}
{.i=12, .RectCorner=TOP_RIGHT, .direction={.x=-1, .y=-1} [.m=2 .M=3]}
{.i=12, .RectCorner=BOTTOM_RIGHT, .direction={.x=-1, .y=1} [.m=4 .M=32767]}
{.i=12, .RectCorner=BOTTOM_RIGHT, .direction={.x=-1, .y=1} [.m=8 .M=32767]}
{.i=12, .RectCorner=BOTTOM_RIGHT, .direction={.x=-1, .y=1} [.m=16 .M=32767]}
{.i=12, .RectCorner=BOTTOM_RIGHT, .direction={.x=-1, .y=1} [.m=32 .M=32767]}
{.i=12, .RectCorner=BOTTOM_RIGHT, .direction={.x=-1, .y=1} [.m=64 .M=32767]}
{.i=12, .RectCorner=BOTTOM_RIGHT, .direction={.x=-1, .y=1} [.m=64 .M=128]}
{.i=12, .RectCorner=BOTTOM_RIGHT, .direction={.x=-1, .y=1} [.m=64 .M=96]}
{.i=12, .RectCorner=BOTTOM_RIGHT, .direction={.x=-1, .y=1} [.m=80 .M=96]}
{.i=12, .RectCorner=BOTTOM_RIGHT, .direction={.x=-1, .y=1} [.m=80 .M=88]}
{.i=12, .RectCorner=BOTTOM_RIGHT, .direction={.x=-1, .y=1} [.m=80 .M=84]}
{.i=12, .RectCorner=BOTTOM_RIGHT, .direction={.x=-1, .y=1} [.m=80 .M=82]}
{.i=12, .RectCorner=BOTTOM_RIGHT, .direction={.x=-1, .y=1} [.m=80 .M=81]}
{.i=12, .RectCorner=BOTTOM_RIGHT, .direction={.x=1, .y=1} [.m=2 .M=4]}
{.i=12, .RectCorner=BOTTOM_RIGHT, .direction={.x=1, .y=1} [.m=2 .M=3]}
{.i=12, .RectCorner=BOTTOM_RIGHT, .direction={.x=1, .y=-1} [.m=2 .M=4]}
{.i=12, .RectCorner=BOTTOM_RIGHT, .direction={.x=1, .y=-1} [.m=2 .M=3]}
{.i=13, .RectCorner=TOP_LEFT, .direction={.x=-1, .y=-1} [.m=2 .M=4]}
{.i=13, .RectCorner=TOP_LEFT, .direction={.x=-1, .y=-1} [.m=2 .M=3]}
{.i=13, .RectCorner=TOP_LEFT, .direction={.x=1, .y=-1} [.m=2 .M=4]}
{.i=13, .RectCorner=TOP_LEFT, .direction={.x=1, .y=-1} [.m=2 .M=3]}
{.i=13, .RectCorner=TOP_LEFT, .direction={.x=-1, .y=1} [.m=4 .M=32767]}
{.i=13, .RectCorner=TOP_LEFT, .direction={.x=-1, .y=1} [.m=8 .M=32767]}
{.i=13, .RectCorner=TOP_LEFT, .direction={.x=-1, .y=1} [.m=16 .M=32767]}
{.i=13, .RectCorner=TOP_LEFT, .direction={.x=-1, .y=1} [.m=32 .M=32767]}
{.i=13, .RectCorner=TOP_LEFT, .direction={.x=-1, .y=1} [.m=32 .M=64]}
{.i=13, .RectCorner=TOP_LEFT, .direction={.x=-1, .y=1} [.m=48 .M=64]}
{.i=13, .RectCorner=TOP_LEFT, .direction={.x=-1, .y=1} [.m=48 .M=56]}
{.i=13, .RectCorner=TOP_LEFT, .direction={.x=-1, .y=1} [.m=48 .M=52]}
{.i=13, .RectCorner=TOP_LEFT, .direction={.x=-1, .y=1} [.m=48 .M=50]}
{.i=13, .RectCorner=TOP_LEFT, .direction={.x=-1, .y=1} [.m=49 .M=50]}
{.i=13, .RectCorner=BOTTOM_LEFT, .direction={.x=-1, .y=1} [.m=2 .M=4]}
{.i=13, .RectCorner=BOTTOM_LEFT, .direction={.x=-1, .y=1} [.m=2 .M=3]}
{.i=13, .RectCorner=BOTTOM_LEFT, .direction={.x=1, .y=1} [.m=4 .M=32767]}
{.i=13, .RectCorner=BOTTOM_LEFT, .direction={.x=1, .y=1} [.m=8 .M=32767]}
{.i=13, .RectCorner=BOTTOM_LEFT, .direction={.x=1, .y=1} [.m=16 .M=32767]}
{.i=13, .RectCorner=BOTTOM_LEFT, .direction={.x=1, .y=1} [.m=32 .M=32767]}
{.i=13, .RectCorner=BOTTOM_LEFT, .direction={.x=1, .y=1} [.m=64 .M=32767]}
{.i=13, .RectCorner=BOTTOM_LEFT, .direction={.x=1, .y=1} [.m=64 .M=128]}
{.i=13, .RectCorner=BOTTOM_LEFT, .direction={.x=1, .y=1} [.m=96 .M=128]}
{.i=13, .RectCorner=BOTTOM_LEFT, .direction={.x=1, .y=1} [.m=112 .M=128]}
{.i=13, .RectCorner=BOTTOM_LEFT, .direction={.x=1, .y=1} [.m=112 .M=120]}
{.i=13, .RectCorner=BOTTOM_LEFT, .direction={.x=1, .y=1} [.m=112 .M=116]}
{.i=13, .RectCorner=BOTTOM_LEFT, .direction={.x=1, .y=1} [.m=112 .M=114]}
{.i=13, .RectCorner=BOTTOM_LEFT, .direction={.x=1, .y=1} [.m=112 .M=113]}
{.i=13, .RectCorner=BOTTOM_LEFT, .direction={.x=-1, .y=-1} [.m=2 .M=4]}
{.i=13, .RectCorner=BOTTOM_LEFT, .direction={.x=-1, .y=-1} [.m=2 .M=3]}
{.i=13, .RectCorner=TOP_RIGHT, .direction={.x=1, .y=1} [.m=2 .M=4]}
{.i=13, .RectCorner=TOP_RIGHT, .direction={.x=1, .y=1} [.m=2 .M=3]}
{.i=13, .RectCorner=TOP_RIGHT, .direction={.x=1, .y=-1} [.m=4 .M=32767]}
{.i=13, .RectCorner=TOP_RIGHT, .direction={.x=1, .y=-1} [.m=8 .M=32767]}
{.i=13, .RectCorner=TOP_RIGHT, .direction={.x=1, .y=-1} [.m=16 .M=32767]}
{.i=13, .RectCorner=TOP_RIGHT, .direction={.x=1, .y=-1} [.m=32 .M=32767]}
{.i=13, .RectCorner=TOP_RIGHT, .direction={.x=1, .y=-1} [.m=64 .M=32767]}
{.i=13, .RectCorner=TOP_RIGHT, .direction={.x=1, .y=-1} [.m=64 .M=128]}
{.i=13, .RectCorner=TOP_RIGHT, .direction={.x=1, .y=-1} [.m=96 .M=128]}
{.i=13, .RectCorner=TOP_RIGHT, .direction={.x=1, .y=-1} [.m=112 .M=128]}
{.i=13, .RectCorner=TOP_RIGHT, .direction={.x=1, .y=-1} [.m=120 .M=128]}
{.i=13, .RectCorner=TOP_RIGHT, .direction={.x=1, .y=-1} [.m=124 .M=128]}
{.i=13, .RectCorner=TOP_RIGHT, .direction={.x=1, .y=-1} [.m=124 .M=126]}
{.i=13, .RectCorner=TOP_RIGHT, .direction={.x=1, .y=-1} [.m=124 .M=125]}
{.i=13, .RectCorner=TOP_RIGHT, .direction={.x=-1, .y=-1} [.m=4 .M=32767]}
{.i=13, .RectCorner=TOP_RIGHT, .direction={.x=-1, .y=-1} [.m=8 .M=32767]}
{.i=13, .RectCorner=TOP_RIGHT, .direction={.x=-1, .y=-1} [.m=16 .M=32767]}
{.i=13, .RectCorner=TOP_RIGHT, .direction={.x=-1, .y=-1} [.m=16 .M=32]}
{.i=13, .RectCorner=TOP_RIGHT, .direction={.x=-1, .y=-1} [.m=24 .M=32]}
{.i=13, .RectCorner=TOP_RIGHT, .direction={.x=-1, .y=-1} [.m=28 .M=32]}
{.i=13, .RectCorner=TOP_RIGHT, .direction={.x=-1, .y=-1} [.m=28 .M=30]}
{.i=13, .RectCorner=TOP_RIGHT, .direction={.x=-1, .y=-1} [.m=28 .M=29]}
{.i=13, .RectCorner=BOTTOM_RIGHT, .direction={.x=-1, .y=1} [.m=4 .M=32767]}
{.i=13, .RectCorner=BOTTOM_RIGHT, .direction={.x=-1, .y=1} [.m=8 .M=32767]}
{.i=13, .RectCorner=BOTTOM_RIGHT, .direction={.x=-1, .y=1} [.m=16 .M=32767]}
{.i=13, .RectCorner=BOTTOM_RIGHT, .direction={.x=-1, .y=1} [.m=32 .M=32767]}
{.i=13, .RectCorner=BOTTOM_RIGHT, .direction={.x=-1, .y=1} [.m=64 .M=32767]}
{.i=13, .RectCorner=BOTTOM_RIGHT, .direction={.x=-1, .y=1} [.m=64 .M=128]}
{.i=13, .RectCorner=BOTTOM_RIGHT, .direction={.x=-1, .y=1} [.m=96 .M=128]}
{.i=13, .RectCorner=BOTTOM_RIGHT, .direction={.x=-1, .y=1} [.m=112 .M=128]}
{.i=13, .RectCorner=BOTTOM_RIGHT, .direction={.x=-1, .y=1} [.m=112 .M=120]}
{.i=13, .RectCorner=BOTTOM_RIGHT, .direction={.x=-1, .y=1} [.m=112 .M=116]}
{.i=13, .RectCorner=BOTTOM_RIGHT, .direction={.x=-1, .y=1} [.m=112 .M=114]}
{.i=13, .RectCorner=BOTTOM_RIGHT, .direction={.x=-1, .y=1} [.m=112 .M=113]}
{.i=13, .RectCorner=BOTTOM_RIGHT, .direction={.x=1, .y=1} [.m=4 .M=32767]}
{.i=13, .RectCorner=BOTTOM_RIGHT, .direction={.x=1, .y=1} [.m=8 .M=32767]}
{.i=13, .RectCorner=BOTTOM_RIGHT, .direction={.x=1, .y=1} [.m=16 .M=32767]}
{.i=13, .RectCorner=BOTTOM_RIGHT, .direction={.x=1, .y=1} [.m=32 .M=32767]}
{.i=13, .RectCorner=BOTTOM_RIGHT, .direction={.x=1, .y=1} [.m=64 .M=32767]}
{.i=13, .RectCorner=BOTTOM_RIGHT, .direction={.x=1, .y=1} [.m=64 .M=128]}
{.i=13, .RectCorner=BOTTOM_RIGHT, .direction={.x=1, .y=1} [.m=96 .M=128]}
{.i=13, .RectCorner=BOTTOM_RIGHT, .direction={.x=1, .y=1} [.m=112 .M=128]}
{.i=13, .RectCorner=BOTTOM_RIGHT, .direction={.x=1, .y=1} [.m=112 .M=120]}
{.i=13, .RectCorner=BOTTOM_RIGHT, .direction={.x=1, .y=1} [.m=112 .M=116]}
{.i=13, .RectCorner=BOTTOM_RIGHT, .direction={.x=1, .y=1} [.m=112 .M=114]}
{.i=13, .RectCorner=BOTTOM_RIGHT, .direction={.x=1, .y=1} [.m=112 .M=113]}
{.i=13, .RectCorner=BOTTOM_RIGHT, .direction={.x=1, .y=-1} [.m=4 .M=32767]}
{.i=13, .RectCorner=BOTTOM_RIGHT, .direction={.x=1, .y=-1} [.m=8 .M=32767]}
{.i=13, .RectCorner=BOTTOM_RIGHT, .direction={.x=1, .y=-1} [.m=16 .M=32767]}
{.i=13, .RectCorner=BOTTOM_RIGHT, .direction={.x=1, .y=-1} [.m=32 .M=32767]}
{.i=13, .RectCorner=BOTTOM_RIGHT, .direction={.x=1, .y=-1} [.m=32 .M=64]}
{.i=13, .RectCorner=BOTTOM_RIGHT, .direction={.x=1, .y=-1} [.m=32 .M=48]}
{.i=13, .RectCorner=BOTTOM_RIGHT, .direction={.x=1, .y=-1} [.m=32 .M=40]}
{.i=13, .RectCorner=BOTTOM_RIGHT, .direction={.x=1, .y=-1} [.m=32 .M=36]}
{.i=13, .RectCorner=BOTTOM_RIGHT, .direction={.x=1, .y=-1} [.m=32 .M=34]}
{.i=13, .RectCorner=BOTTOM_RIGHT, .direction={.x=1, .y=-1} [.m=32 .M=33]}
{.i=14, .RectCorner=TOP_LEFT, .direction={.x=-1, .y=-1} [.m=2 .M=4]}
{.i=14, .RectCorner=TOP_LEFT, .direction={.x=-1, .y=-1} [.m=2 .M=3]}
{.i=14, .RectCorner=TOP_LEFT, .direction={.x=1, .y=-1} [.m=2 .M=4]}
{.i=14, .RectCorner=TOP_LEFT, .direction={.x=1, .y=-1} [.m=2 .M=3]}
{.i=14, .RectCorner=TOP_LEFT, .direction={.x=-1, .y=1} [.m=2 .M=4]}
{.i=14, .RectCorner=TOP_LEFT, .direction={.x=-1, .y=1} [.m=2 .M=3]}
{.i=14, .RectCorner=BOTTOM_LEFT, .direction={.x=-1, .y=1} [.m=2 .M=4]}
{.i=14, .RectCorner=BOTTOM_LEFT, .direction={.x=-1, .y=1} [.m=2 .M=3]}
{.i=14, .RectCorner=BOTTOM_LEFT, .direction={.x=1, .y=1} [.m=2 .M=4]}
{.i=14, .RectCorner=BOTTOM_LEFT, .direction={.x=1, .y=1} [.m=2 .M=3]}
{.i=14, .RectCorner=BOTTOM_LEFT, .direction={.x=-1, .y=-1} [.m=2 .M=4]}
{.i=14, .RectCorner=BOTTOM_LEFT, .direction={.x=-1, .y=-1} [.m=2 .M=3]}
{.i=14, .RectCorner=TOP_RIGHT, .direction={.x=1, .y=1} [.m=2 .M=4]}
{.i=14, .RectCorner=TOP_RIGHT, .direction={.x=1, .y=1} [.m=2 .M=3]}
{.i=14, .RectCorner=TOP_RIGHT, .direction={.x=1, .y=-1} [.m=2 .M=4]}
{.i=14, .RectCorner=TOP_RIGHT, .direction={.x=1, .y=-1} [.m=2 .M=3]}
{.i=14, .RectCorner=TOP_RIGHT, .direction={.x=-1, .y=-1} [.m=2 .M=4]}
{.i=14, .RectCorner=TOP_RIGHT, .direction={.x=-1, .y=-1} [.m=2 .M=3]}
{.i=14, .RectCorner=BOTTOM_RIGHT, .direction={.x=-1, .y=1} [.m=4 .M=32767]}
{.i=14, .RectCorner=BOTTOM_RIGHT, .direction={.x=-1, .y=1} [.m=8 .M=32767]}
{.i=14, .RectCorner=BOTTOM_RIGHT, .direction={.x=-1, .y=1} [.m=16 .M=32767]}
{.i=14, .RectCorner=BOTTOM_RIGHT, .direction={.x=-1, .y=1} [.m=32 .M=32767]}
{.i=14, .RectCorner=BOTTOM_RIGHT, .direction={.x=-1, .y=1} [.m=64 .M=32767]}
{.i=14, .RectCorner=BOTTOM_RIGHT, .direction={.x=-1, .y=1} [.m=64 .M=128]}
{.i=14, .RectCorner=BOTTOM_RIGHT, .direction={.x=-1, .y=1} [.m=96 .M=128]}
{.i=14, .RectCorner=BOTTOM_RIGHT, .direction={.x=-1, .y=1} [.m=96 .M=112]}
{.i=14, .RectCorner=BOTTOM_RIGHT, .direction={.x=-1, .y=1} [.m=104 .M=112]}
{.i=14, .RectCorner=BOTTOM_RIGHT, .direction={.x=-1, .y=1} [.m=108 .M=112]}
{.i=14, .RectCorner=BOTTOM_RIGHT, .direction={.x=-1, .y=1} [.m=108 .M=110]}
{.i=14, .RectCorner=BOTTOM_RIGHT, .direction={.x=-1, .y=1} [.m=109 .M=110]}
{.i=14, .RectCorner=BOTTOM_RIGHT, .direction={.x=1, .y=1} [.m=2 .M=4]}
{.i=14, .RectCorner=BOTTOM_RIGHT, .direction={.x=1, .y=1} [.m=2 .M=3]}
{.i=14, .RectCorner=BOTTOM_RIGHT, .direction={.x=1, .y=-1} [.m=2 .M=4]}
{.i=14, .RectCorner=BOTTOM_RIGHT, .direction={.x=1, .y=-1} [.m=2 .M=3]}
connected_component: 1, 1, 0, 1, 0, 0, 0, 1, 0, 0, 0, 1, 1, 0, 1, connected_component[0] = 1
connected_component[1] = 1
connected_component[2] = 0
connected_component[3] = 1
connected_component[4] = 0
connected_component[5] = 0
connected_component[6] = 0
connected_component[7] = 1
connected_component[8] = 0
connected_component[9] = 0
connected_component[10] = 0
connected_component[11] = 1
connected_component[12] = 1
connected_component[13] = 0
connected_component[14] = 1

i=0
connected_component[0] == cmax && depth=0 <= 2
tous les liens de 0 {e sont des liens dont e.j n'a pas ete mapp et e.j que l'on peut deplacer}
0 is not stable
i=1
connected_component[1] == cmax && depth=0 <= 2
tous les liens de 1 {e sont des liens dont e.j n'a pas ete mapp et e.j que l'on peut deplacer}
1 is not stable
i=2
connected_component[2] == 0. depth=0. skipping 2
i=3
connected_component[3] == cmax && depth=0 <= 2
tous les liens de 3 {e sont des liens dont e.j n'a pas ete mapp et e.j que l'on peut deplacer}
3 is not stable
i=4
connected_component[4] == 0. depth=0. skipping 4
i=5
connected_component[5] == 0. depth=0. skipping 5
i=6
connected_component[6] == 0. depth=0. skipping 6
i=7
connected_component[7] == cmax && depth=0 <= 2
tous les liens de 7 {e sont des liens dont e.j n'a pas ete mapp et e.j que l'on peut deplacer}
7 is not stable
i=8
connected_component[8] == 0. depth=0. skipping 8
i=9
connected_component[9] == 0. depth=0. skipping 9
i=10
connected_component[10] == 0. depth=0. skipping 10
i=11
connected_component[11] == cmax && depth=0 <= 2
tous les liens de 11 {e sont des liens dont e.j n'a pas ete mapp et e.j que l'on peut deplacer}
11 is not stable
i=12
connected_component[12] == cmax && depth=0 <= 2
tous les liens de 12 {e sont des liens dont e.j n'a pas ete mapp et e.j que l'on peut deplacer}
12 is not stable
i=13
connected_component[13] == 0. depth=0. skipping 13
i=14
connected_component[14] == cmax && depth=0 <= 2
tous les liens de 14 {e sont des liens dont e.j n'a pas ete mapp et e.j que l'on peut deplacer}
14 is not stable
decision_tree.size()=0
end compute_decision_tree()
